mode: set
github.com/calculi-corp/data-ingestion-service/db/opensearch_util.go:32.82,34.20 1 1
github.com/calculi-corp/data-ingestion-service/db/opensearch_util.go:34.20,43.84 3 1
github.com/calculi-corp/data-ingestion-service/db/opensearch_util.go:43.84,45.4 1 1
github.com/calculi-corp/data-ingestion-service/db/opensearch_util.go:45.9,47.4 1 1
github.com/calculi-corp/data-ingestion-service/db/opensearch_util.go:50.2,50.14 1 1
github.com/calculi-corp/data-ingestion-service/db/opensearch_util.go:53.60,64.106 2 1
github.com/calculi-corp/data-ingestion-service/db/opensearch_util.go:64.106,66.3 1 0
github.com/calculi-corp/data-ingestion-service/db/opensearch_util.go:68.2,68.20 1 1
github.com/calculi-corp/data-ingestion-service/db/opensearch_util.go:71.72,76.16 2 1
github.com/calculi-corp/data-ingestion-service/db/opensearch_util.go:76.16,79.72 3 1
github.com/calculi-corp/data-ingestion-service/db/opensearch_util.go:79.72,81.4 1 1
github.com/calculi-corp/data-ingestion-service/db/opensearch_util.go:82.3,82.50 1 1
github.com/calculi-corp/data-ingestion-service/db/opensearch_util.go:82.50,85.4 1 1
github.com/calculi-corp/data-ingestion-service/db/opensearch_util.go:88.2,88.70 1 1
github.com/calculi-corp/data-ingestion-service/db/opensearch_util.go:88.70,90.3 1 1
github.com/calculi-corp/data-ingestion-service/db/opensearch_util.go:91.2,91.12 1 1
github.com/calculi-corp/data-ingestion-service/db/opensearch_util.go:94.99,103.16 4 1
github.com/calculi-corp/data-ingestion-service/db/opensearch_util.go:103.16,106.3 2 1
github.com/calculi-corp/data-ingestion-service/db/opensearch_util.go:107.2,108.42 2 1
github.com/calculi-corp/data-ingestion-service/db/opensearch_util.go:112.53,119.31 2 1
github.com/calculi-corp/data-ingestion-service/db/opensearch_util.go:119.31,122.44 3 1
github.com/calculi-corp/data-ingestion-service/db/opensearch_util.go:122.44,125.4 2 0
github.com/calculi-corp/data-ingestion-service/db/opensearch_util.go:126.3,126.16 1 1
github.com/calculi-corp/data-ingestion-service/db/opensearch_util.go:126.16,126.45 1 1
github.com/calculi-corp/data-ingestion-service/db/opensearch_util.go:128.2,128.31 1 1
github.com/calculi-corp/data-ingestion-service/db/opensearch_util.go:128.31,130.3 1 1
github.com/calculi-corp/data-ingestion-service/db/opensearch_util.go:131.2,131.21 1 1
github.com/calculi-corp/data-ingestion-service/db/util.go:19.106,26.16 5 1
github.com/calculi-corp/data-ingestion-service/db/util.go:26.16,28.3 1 1
github.com/calculi-corp/data-ingestion-service/db/util.go:29.2,29.22 1 1
github.com/calculi-corp/data-ingestion-service/db/id_mapping/queries.go:40.92,43.16 3 1
github.com/calculi-corp/data-ingestion-service/db/id_mapping/queries.go:43.16,45.3 1 0
github.com/calculi-corp/data-ingestion-service/db/id_mapping/queries.go:46.2,46.39 1 1
github.com/calculi-corp/data-ingestion-service/db/id_mapping/queries.go:46.39,48.3 1 1
github.com/calculi-corp/data-ingestion-service/db/id_mapping/queries.go:49.2,49.46 1 1
github.com/calculi-corp/data-ingestion-service/db/id_mapping/queries.go:49.46,52.17 3 1
github.com/calculi-corp/data-ingestion-service/db/id_mapping/queries.go:52.17,54.4 1 1
github.com/calculi-corp/data-ingestion-service/db/id_mapping/queries.go:55.3,55.35 1 1
github.com/calculi-corp/data-ingestion-service/db/id_mapping/queries.go:58.2,58.16 1 0
github.com/calculi-corp/data-ingestion-service/db/id_mapping/queries.go:62.138,64.16 2 1
github.com/calculi-corp/data-ingestion-service/db/id_mapping/queries.go:64.16,66.3 1 0
github.com/calculi-corp/data-ingestion-service/db/id_mapping/queries.go:67.2,72.51 2 1
github.com/calculi-corp/data-ingestion-service/db/id_mapping/queries.go:75.125,80.2 4 1
github.com/calculi-corp/data-ingestion-service/db/id_mapping/queries.go:82.118,87.2 4 1
github.com/calculi-corp/data-ingestion-service/db/id_mapping/queries.go:89.96,99.16 4 1
github.com/calculi-corp/data-ingestion-service/db/id_mapping/queries.go:99.16,101.3 1 0
github.com/calculi-corp/data-ingestion-service/db/id_mapping/queries.go:103.2,121.21 2 1
github.com/calculi-corp/data-ingestion-service/db/id_mapping/queries.go:124.69,143.2 1 1
github.com/calculi-corp/data-ingestion-service/handler/listener.go:48.104,51.16 2 1
github.com/calculi-corp/data-ingestion-service/handler/listener.go:51.16,53.3 1 0
github.com/calculi-corp/data-ingestion-service/handler/listener.go:54.2,62.12 3 1
github.com/calculi-corp/data-ingestion-service/handler/listener.go:66.65,68.2 1 1
github.com/calculi-corp/data-ingestion-service/handler/listener.go:71.65,77.2 1 1
github.com/calculi-corp/data-ingestion-service/handler/listener.go:80.55,82.2 1 1
github.com/calculi-corp/data-ingestion-service/handler/listener.go:85.46,87.2 1 0
github.com/calculi-corp/data-ingestion-service/handler/listener.go:90.54,92.2 1 1
github.com/calculi-corp/data-ingestion-service/handler/listener.go:95.80,98.10 3 1
github.com/calculi-corp/data-ingestion-service/handler/listener.go:98.10,100.17 2 1
github.com/calculi-corp/data-ingestion-service/handler/listener.go:100.17,103.4 2 0
github.com/calculi-corp/data-ingestion-service/handler/listener.go:104.3,104.29 1 1
github.com/calculi-corp/data-ingestion-service/handler/listener.go:107.2,107.34 1 1
github.com/calculi-corp/data-ingestion-service/handler/listener.go:111.62,113.90 2 1
github.com/calculi-corp/data-ingestion-service/handler/listener.go:113.90,115.3 1 1
github.com/calculi-corp/data-ingestion-service/handler/listener.go:116.2,117.94 2 1
github.com/calculi-corp/data-ingestion-service/handler/listener.go:117.94,119.3 1 1
github.com/calculi-corp/data-ingestion-service/handler/listener.go:120.2,121.96 2 1
github.com/calculi-corp/data-ingestion-service/handler/listener.go:121.96,123.3 1 1
github.com/calculi-corp/data-ingestion-service/handler/listener.go:124.2,125.101 2 1
github.com/calculi-corp/data-ingestion-service/handler/listener.go:125.101,127.3 1 1
github.com/calculi-corp/data-ingestion-service/handler/listener.go:128.2,129.89 2 1
github.com/calculi-corp/data-ingestion-service/handler/listener.go:129.89,131.3 1 1
github.com/calculi-corp/data-ingestion-service/handler/listener.go:132.2,133.82 2 1
github.com/calculi-corp/data-ingestion-service/handler/listener.go:133.82,135.3 1 1
github.com/calculi-corp/data-ingestion-service/handler/listener.go:136.2,137.93 2 1
github.com/calculi-corp/data-ingestion-service/handler/listener.go:137.93,139.3 1 1
github.com/calculi-corp/data-ingestion-service/handler/listener.go:140.2,141.100 2 1
github.com/calculi-corp/data-ingestion-service/handler/listener.go:141.100,143.3 1 1
github.com/calculi-corp/data-ingestion-service/handler/listener.go:144.2,145.98 2 1
github.com/calculi-corp/data-ingestion-service/handler/listener.go:145.98,147.3 1 1
github.com/calculi-corp/data-ingestion-service/handler/listener.go:148.2,149.111 2 1
github.com/calculi-corp/data-ingestion-service/handler/listener.go:149.111,151.3 1 1
github.com/calculi-corp/data-ingestion-service/handler/listener.go:152.2,153.114 2 1
github.com/calculi-corp/data-ingestion-service/handler/listener.go:153.114,155.3 1 1
github.com/calculi-corp/data-ingestion-service/handler/listener.go:156.2,157.95 2 1
github.com/calculi-corp/data-ingestion-service/handler/listener.go:157.95,159.3 1 1
github.com/calculi-corp/data-ingestion-service/handler/listener.go:160.2,160.12 1 1
github.com/calculi-corp/data-ingestion-service/handler/listener.go:163.85,165.60 2 1
github.com/calculi-corp/data-ingestion-service/handler/listener.go:165.60,168.3 2 1
github.com/calculi-corp/data-ingestion-service/handler/listener.go:170.2,172.12 3 1
github.com/calculi-corp/data-ingestion-service/handler/listener.go:175.88,177.60 2 1
github.com/calculi-corp/data-ingestion-service/handler/listener.go:177.60,180.3 2 1
github.com/calculi-corp/data-ingestion-service/handler/listener.go:182.2,184.12 3 1
github.com/calculi-corp/data-ingestion-service/handler/listener.go:187.81,190.2 2 1
github.com/calculi-corp/data-ingestion-service/handler/listener.go:192.90,194.60 2 1
github.com/calculi-corp/data-ingestion-service/handler/listener.go:194.60,197.3 2 1
github.com/calculi-corp/data-ingestion-service/handler/listener.go:199.2,201.12 3 1
github.com/calculi-corp/data-ingestion-service/handler/listener.go:204.94,210.60 4 1
github.com/calculi-corp/data-ingestion-service/handler/listener.go:210.60,213.3 2 1
github.com/calculi-corp/data-ingestion-service/handler/listener.go:215.2,217.59 3 1
github.com/calculi-corp/data-ingestion-service/handler/listener.go:217.59,219.3 1 1
github.com/calculi-corp/data-ingestion-service/handler/listener.go:220.2,221.46 2 0
github.com/calculi-corp/data-ingestion-service/handler/listener.go:221.46,224.13 3 0
github.com/calculi-corp/data-ingestion-service/handler/listener.go:224.13,229.4 3 0
github.com/calculi-corp/data-ingestion-service/handler/listener.go:230.8,232.3 1 0
github.com/calculi-corp/data-ingestion-service/handler/listener.go:233.2,233.12 1 0
github.com/calculi-corp/data-ingestion-service/handler/listener.go:236.91,237.60 1 1
github.com/calculi-corp/data-ingestion-service/handler/listener.go:237.60,240.3 2 1
github.com/calculi-corp/data-ingestion-service/handler/listener.go:242.2,242.32 1 1
github.com/calculi-corp/data-ingestion-service/handler/listener.go:245.84,246.60 1 1
github.com/calculi-corp/data-ingestion-service/handler/listener.go:246.60,249.3 2 1
github.com/calculi-corp/data-ingestion-service/handler/listener.go:251.2,251.32 1 1
github.com/calculi-corp/data-ingestion-service/handler/listener.go:254.98,255.60 1 1
github.com/calculi-corp/data-ingestion-service/handler/listener.go:255.60,258.3 2 1
github.com/calculi-corp/data-ingestion-service/handler/listener.go:260.2,260.32 1 1
github.com/calculi-corp/data-ingestion-service/handler/listener.go:263.80,269.2 4 1
github.com/calculi-corp/data-ingestion-service/handler/listener.go:271.86,273.60 2 1
github.com/calculi-corp/data-ingestion-service/handler/listener.go:273.60,276.3 2 1
github.com/calculi-corp/data-ingestion-service/handler/listener.go:278.2,280.12 3 1
github.com/calculi-corp/data-ingestion-service/handler/listener.go:283.84,285.60 2 1
github.com/calculi-corp/data-ingestion-service/handler/listener.go:285.60,288.3 2 1
github.com/calculi-corp/data-ingestion-service/handler/listener.go:290.2,292.12 3 1
github.com/calculi-corp/data-ingestion-service/handler/listener.go:295.95,297.60 2 1
github.com/calculi-corp/data-ingestion-service/handler/listener.go:297.60,300.3 2 1
github.com/calculi-corp/data-ingestion-service/handler/listener.go:302.2,304.12 3 1
github.com/calculi-corp/data-ingestion-service/handler/listener.go:307.98,309.60 2 1
github.com/calculi-corp/data-ingestion-service/handler/listener.go:309.60,312.3 2 1
github.com/calculi-corp/data-ingestion-service/handler/listener.go:314.2,316.12 3 1
github.com/calculi-corp/data-ingestion-service/handler/listener.go:319.90,321.60 2 1
github.com/calculi-corp/data-ingestion-service/handler/listener.go:321.60,324.3 2 1
github.com/calculi-corp/data-ingestion-service/handler/listener.go:326.2,328.12 3 1
github.com/calculi-corp/data-ingestion-service/internal/cache/cache.go:20.76,25.70 4 1
github.com/calculi-corp/data-ingestion-service/internal/cache/cache.go:25.70,27.3 1 1
github.com/calculi-corp/data-ingestion-service/internal/cache/cache.go:29.2,29.12 1 0
github.com/calculi-corp/data-ingestion-service/internal/cache/cache.go:35.85,38.16 2 1
github.com/calculi-corp/data-ingestion-service/internal/cache/cache.go:38.16,40.3 1 1
github.com/calculi-corp/data-ingestion-service/internal/cache/cache.go:42.2,43.34 2 1
github.com/calculi-corp/data-ingestion-service/internal/cache/cache.go:43.34,45.3 1 0
github.com/calculi-corp/data-ingestion-service/internal/cache/cache.go:47.2,47.17 1 1
github.com/calculi-corp/data-ingestion-service/internal/cache/cache.go:47.17,49.17 2 1
github.com/calculi-corp/data-ingestion-service/internal/cache/cache.go:49.17,51.4 1 1
github.com/calculi-corp/data-ingestion-service/internal/cache/cache.go:54.2,54.12 1 1
github.com/calculi-corp/data-ingestion-service/internal/cache/cache.go:57.49,59.2 1 1
github.com/calculi-corp/data-ingestion-service/internal/cache/cache.go:61.52,63.2 1 1
github.com/calculi-corp/data-ingestion-service/internal/cache/cache.go:65.40,67.2 1 1
github.com/calculi-corp/data-ingestion-service/internal/datapipeline/automation-status-pipeline.go:32.96,38.2 2 1
github.com/calculi-corp/data-ingestion-service/internal/datapipeline/automation-status-pipeline.go:40.278,43.71 3 1
github.com/calculi-corp/data-ingestion-service/internal/datapipeline/automation-status-pipeline.go:43.71,45.3 1 1
github.com/calculi-corp/data-ingestion-service/internal/datapipeline/automation-status-pipeline.go:46.2,47.16 2 1
github.com/calculi-corp/data-ingestion-service/internal/datapipeline/automation-status-pipeline.go:47.16,48.20 1 1
github.com/calculi-corp/data-ingestion-service/internal/datapipeline/automation-status-pipeline.go:48.20,51.4 2 1
github.com/calculi-corp/data-ingestion-service/internal/datapipeline/automation-status-pipeline.go:51.9,53.4 1 0
github.com/calculi-corp/data-ingestion-service/internal/datapipeline/automation-status-pipeline.go:55.2,55.17 1 0
github.com/calculi-corp/data-ingestion-service/internal/datapipeline/automation-status-pipeline.go:58.151,59.32 1 1
github.com/calculi-corp/data-ingestion-service/internal/datapipeline/automation-status-pipeline.go:59.32,62.44 2 1
github.com/calculi-corp/data-ingestion-service/internal/datapipeline/automation-status-pipeline.go:62.44,64.76 2 1
github.com/calculi-corp/data-ingestion-service/internal/datapipeline/automation-status-pipeline.go:64.76,66.5 1 0
github.com/calculi-corp/data-ingestion-service/internal/datapipeline/automation-status-pipeline.go:66.10,68.5 1 1
github.com/calculi-corp/data-ingestion-service/internal/datapipeline/automation-status-pipeline.go:69.9,71.4 1 0
github.com/calculi-corp/data-ingestion-service/internal/datapipeline/automation-status-pipeline.go:72.8,74.3 1 1
github.com/calculi-corp/data-ingestion-service/internal/datapipeline/automation-status-pipeline.go:75.2,75.12 1 1
github.com/calculi-corp/data-ingestion-service/internal/datapipeline/automation-status-pipeline.go:78.90,81.16 3 1
github.com/calculi-corp/data-ingestion-service/internal/datapipeline/automation-status-pipeline.go:81.16,83.3 1 0
github.com/calculi-corp/data-ingestion-service/internal/datapipeline/automation-status-pipeline.go:83.8,86.3 1 1
github.com/calculi-corp/data-ingestion-service/internal/datapipeline/automation-status-pipeline.go:87.2,87.24 1 1
github.com/calculi-corp/data-ingestion-service/internal/datapipeline/automation-status-pipeline.go:90.68,93.16 3 1
github.com/calculi-corp/data-ingestion-service/internal/datapipeline/automation-status-pipeline.go:93.16,95.3 1 0
github.com/calculi-corp/data-ingestion-service/internal/datapipeline/automation-status-pipeline.go:95.8,99.3 1 1
github.com/calculi-corp/data-ingestion-service/internal/datapipeline/automation-status-pipeline.go:100.2,100.24 1 1
github.com/calculi-corp/data-ingestion-service/internal/datapipeline/automation-status-pipeline.go:103.71,106.16 3 1
github.com/calculi-corp/data-ingestion-service/internal/datapipeline/automation-status-pipeline.go:106.16,108.3 1 0
github.com/calculi-corp/data-ingestion-service/internal/datapipeline/automation-status-pipeline.go:108.8,112.3 1 1
github.com/calculi-corp/data-ingestion-service/internal/datapipeline/automation-status-pipeline.go:113.2,113.24 1 1
github.com/calculi-corp/data-ingestion-service/internal/datapipeline/automation-status-pipeline.go:116.94,119.88 3 1
github.com/calculi-corp/data-ingestion-service/internal/datapipeline/automation-status-pipeline.go:119.88,121.3 1 1
github.com/calculi-corp/data-ingestion-service/internal/datapipeline/automation-status-pipeline.go:122.2,122.25 1 1
github.com/calculi-corp/data-ingestion-service/internal/datapipeline/automation-status-pipeline.go:125.260,128.81 3 1
github.com/calculi-corp/data-ingestion-service/internal/datapipeline/automation-status-pipeline.go:128.81,130.3 1 1
github.com/calculi-corp/data-ingestion-service/internal/datapipeline/automation-status-pipeline.go:131.2,154.34 24 1
github.com/calculi-corp/data-ingestion-service/internal/datapipeline/automation-status-pipeline.go:154.34,156.3 1 1
github.com/calculi-corp/data-ingestion-service/internal/datapipeline/automation-status-pipeline.go:158.2,159.83 2 1
github.com/calculi-corp/data-ingestion-service/internal/datapipeline/automation-status-pipeline.go:159.83,160.89 1 1
github.com/calculi-corp/data-ingestion-service/internal/datapipeline/automation-status-pipeline.go:160.89,161.43 1 1
github.com/calculi-corp/data-ingestion-service/internal/datapipeline/automation-status-pipeline.go:161.43,166.5 4 1
github.com/calculi-corp/data-ingestion-service/internal/datapipeline/automation-status-pipeline.go:170.2,170.89 1 1
github.com/calculi-corp/data-ingestion-service/internal/datapipeline/automation-status-pipeline.go:170.89,171.45 1 1
github.com/calculi-corp/data-ingestion-service/internal/datapipeline/automation-status-pipeline.go:171.45,173.4 1 1
github.com/calculi-corp/data-ingestion-service/internal/datapipeline/automation-status-pipeline.go:174.3,174.69 1 1
github.com/calculi-corp/data-ingestion-service/internal/datapipeline/automation-status-pipeline.go:174.69,176.4 1 0
github.com/calculi-corp/data-ingestion-service/internal/datapipeline/automation-status-pipeline.go:176.9,176.75 1 1
github.com/calculi-corp/data-ingestion-service/internal/datapipeline/automation-status-pipeline.go:176.75,178.4 1 0
github.com/calculi-corp/data-ingestion-service/internal/datapipeline/automation-status-pipeline.go:179.3,179.103 1 1
github.com/calculi-corp/data-ingestion-service/internal/datapipeline/automation-status-pipeline.go:179.103,181.4 1 1
github.com/calculi-corp/data-ingestion-service/internal/datapipeline/automation-status-pipeline.go:183.2,185.30 3 1
github.com/calculi-corp/data-ingestion-service/internal/datapipeline/automation-status-pipeline.go:188.214,203.36 3 1
github.com/calculi-corp/data-ingestion-service/internal/datapipeline/automation-status-pipeline.go:203.36,206.3 2 1
github.com/calculi-corp/data-ingestion-service/internal/datapipeline/automation-status-pipeline.go:207.2,207.33 1 1
github.com/calculi-corp/data-ingestion-service/internal/datapipeline/automation-status-pipeline.go:207.33,209.3 1 1
github.com/calculi-corp/data-ingestion-service/internal/datapipeline/automation-status-pipeline.go:210.2,210.33 1 1
github.com/calculi-corp/data-ingestion-service/internal/datapipeline/automation-status-pipeline.go:210.33,212.3 1 1
github.com/calculi-corp/data-ingestion-service/internal/datapipeline/automation-status-pipeline.go:213.2,214.43 2 1
github.com/calculi-corp/data-ingestion-service/internal/datapipeline/automation-status-pipeline.go:214.43,216.18 2 1
github.com/calculi-corp/data-ingestion-service/internal/datapipeline/automation-status-pipeline.go:216.18,218.4 1 0
github.com/calculi-corp/data-ingestion-service/internal/datapipeline/automation-status-pipeline.go:218.9,220.4 1 1
github.com/calculi-corp/data-ingestion-service/internal/datapipeline/automation-status-pipeline.go:221.8,223.3 1 0
github.com/calculi-corp/data-ingestion-service/internal/datapipeline/automation-status-pipeline.go:226.126,238.125 4 1
github.com/calculi-corp/data-ingestion-service/internal/datapipeline/automation-status-pipeline.go:238.125,241.27 3 1
github.com/calculi-corp/data-ingestion-service/internal/datapipeline/automation-status-pipeline.go:241.27,242.35 1 1
github.com/calculi-corp/data-ingestion-service/internal/datapipeline/automation-status-pipeline.go:242.35,243.46 1 1
github.com/calculi-corp/data-ingestion-service/internal/datapipeline/automation-status-pipeline.go:243.46,248.6 4 1
github.com/calculi-corp/data-ingestion-service/internal/datapipeline/automation-status-pipeline.go:252.2,252.34 1 1
github.com/calculi-corp/data-ingestion-service/internal/datapipeline/automation-status-pipeline.go:252.34,254.70 2 1
github.com/calculi-corp/data-ingestion-service/internal/datapipeline/automation-status-pipeline.go:254.70,255.57 1 0
github.com/calculi-corp/data-ingestion-service/internal/datapipeline/automation-status-pipeline.go:255.57,256.53 1 0
github.com/calculi-corp/data-ingestion-service/internal/datapipeline/automation-status-pipeline.go:256.53,258.64 2 0
github.com/calculi-corp/data-ingestion-service/internal/datapipeline/automation-status-pipeline.go:258.64,260.7 1 0
github.com/calculi-corp/data-ingestion-service/internal/datapipeline/automation-status-pipeline.go:261.6,261.11 1 0
github.com/calculi-corp/data-ingestion-service/internal/datapipeline/automation-status-pipeline.go:266.3,267.44 2 1
github.com/calculi-corp/data-ingestion-service/internal/datapipeline/automation-status-pipeline.go:267.44,269.19 2 1
github.com/calculi-corp/data-ingestion-service/internal/datapipeline/automation-status-pipeline.go:269.19,271.5 1 0
github.com/calculi-corp/data-ingestion-service/internal/datapipeline/automation-status-pipeline.go:271.10,273.5 1 1
github.com/calculi-corp/data-ingestion-service/internal/datapipeline/automation-status-pipeline.go:274.9,276.4 1 0
github.com/calculi-corp/data-ingestion-service/internal/datapipeline/automation-status-pipeline.go:277.8,279.3 1 0
github.com/calculi-corp/data-ingestion-service/internal/datapipeline/automation-status-pipeline.go:283.95,308.30 2 1
github.com/calculi-corp/data-ingestion-service/internal/datapipeline/automation-status-pipeline.go:308.30,310.3 1 1
github.com/calculi-corp/data-ingestion-service/internal/datapipeline/automation-status-pipeline.go:311.2,312.43 2 1
github.com/calculi-corp/data-ingestion-service/internal/datapipeline/automation-status-pipeline.go:312.43,314.18 2 1
github.com/calculi-corp/data-ingestion-service/internal/datapipeline/automation-status-pipeline.go:314.18,316.4 1 0
github.com/calculi-corp/data-ingestion-service/internal/datapipeline/automation-status-pipeline.go:316.9,318.4 1 1
github.com/calculi-corp/data-ingestion-service/internal/datapipeline/automation-status-pipeline.go:319.8,321.3 1 0
github.com/calculi-corp/data-ingestion-service/internal/datapipeline/automation-status-pipeline.go:324.94,350.43 3 1
github.com/calculi-corp/data-ingestion-service/internal/datapipeline/automation-status-pipeline.go:350.43,352.18 2 1
github.com/calculi-corp/data-ingestion-service/internal/datapipeline/automation-status-pipeline.go:352.18,354.4 1 0
github.com/calculi-corp/data-ingestion-service/internal/datapipeline/automation-status-pipeline.go:354.9,356.4 1 1
github.com/calculi-corp/data-ingestion-service/internal/datapipeline/automation-status-pipeline.go:357.8,359.3 1 0
github.com/calculi-corp/data-ingestion-service/internal/datapipeline/automation-status-pipeline.go:362.93,365.34 3 1
github.com/calculi-corp/data-ingestion-service/internal/datapipeline/automation-status-pipeline.go:365.34,368.17 3 1
github.com/calculi-corp/data-ingestion-service/internal/datapipeline/automation-status-pipeline.go:368.17,369.35 1 1
github.com/calculi-corp/data-ingestion-service/internal/datapipeline/automation-status-pipeline.go:369.35,370.81 1 1
github.com/calculi-corp/data-ingestion-service/internal/datapipeline/automation-status-pipeline.go:370.81,371.90 1 1
github.com/calculi-corp/data-ingestion-service/internal/datapipeline/automation-status-pipeline.go:371.90,372.63 1 1
github.com/calculi-corp/data-ingestion-service/internal/datapipeline/automation-status-pipeline.go:372.63,376.38 4 1
github.com/calculi-corp/data-ingestion-service/internal/datapipeline/automation-status-pipeline.go:376.38,381.9 4 1
github.com/calculi-corp/data-ingestion-service/internal/datapipeline/automation-status-pipeline.go:386.9,388.4 1 0
github.com/calculi-corp/data-ingestion-service/internal/datapipeline/automation-status-pipeline.go:392.80,414.2 1 1
github.com/calculi-corp/data-ingestion-service/internal/datapipeline/automation-status-pipeline.go:416.82,419.34 3 1
github.com/calculi-corp/data-ingestion-service/internal/datapipeline/automation-status-pipeline.go:419.34,422.17 3 1
github.com/calculi-corp/data-ingestion-service/internal/datapipeline/automation-status-pipeline.go:422.17,423.35 1 1
github.com/calculi-corp/data-ingestion-service/internal/datapipeline/automation-status-pipeline.go:423.35,424.81 1 1
github.com/calculi-corp/data-ingestion-service/internal/datapipeline/automation-status-pipeline.go:424.81,425.90 1 1
github.com/calculi-corp/data-ingestion-service/internal/datapipeline/automation-status-pipeline.go:425.90,426.63 1 1
github.com/calculi-corp/data-ingestion-service/internal/datapipeline/automation-status-pipeline.go:426.63,429.23 3 1
github.com/calculi-corp/data-ingestion-service/internal/datapipeline/automation-status-pipeline.go:429.23,431.9 1 1
github.com/calculi-corp/data-ingestion-service/internal/datapipeline/automation-status-pipeline.go:436.9,438.4 1 0
github.com/calculi-corp/data-ingestion-service/internal/datapipeline/automation-status-pipeline.go:442.64,463.2 1 1
github.com/calculi-corp/data-ingestion-service/internal/datapipeline/automation-status-pipeline.go:465.84,466.16 1 1
github.com/calculi-corp/data-ingestion-service/internal/datapipeline/automation-status-pipeline.go:466.16,468.3 1 1
github.com/calculi-corp/data-ingestion-service/internal/datapipeline/automation-status-pipeline.go:469.2,469.26 1 1
github.com/calculi-corp/data-ingestion-service/internal/datapipeline/automation-status-pipeline.go:469.26,471.3 1 1
github.com/calculi-corp/data-ingestion-service/internal/datapipeline/automation-status-pipeline.go:472.2,472.60 1 1
github.com/calculi-corp/data-ingestion-service/internal/datapipeline/automation-status-pipeline.go:472.60,474.3 1 1
github.com/calculi-corp/data-ingestion-service/internal/datapipeline/automation-status-pipeline.go:475.2,475.30 1 1
github.com/calculi-corp/data-ingestion-service/internal/datapipeline/automation-status-pipeline.go:475.30,477.3 1 1
github.com/calculi-corp/data-ingestion-service/internal/datapipeline/automation-status-pipeline.go:479.2,479.31 1 1
github.com/calculi-corp/data-ingestion-service/internal/datapipeline/automation-status-pipeline.go:479.31,481.3 1 1
github.com/calculi-corp/data-ingestion-service/internal/datapipeline/automation-status-pipeline.go:483.2,483.33 1 1
github.com/calculi-corp/data-ingestion-service/internal/datapipeline/automation-status-pipeline.go:483.33,485.3 1 1
github.com/calculi-corp/data-ingestion-service/internal/datapipeline/automation-status-pipeline.go:487.2,487.51 1 1
github.com/calculi-corp/data-ingestion-service/internal/datapipeline/automation-status-pipeline.go:487.51,489.3 1 1
github.com/calculi-corp/data-ingestion-service/internal/datapipeline/automation-status-pipeline.go:490.2,490.12 1 1
github.com/calculi-corp/data-ingestion-service/internal/datapipeline/automation-status-pipeline.go:493.108,494.16 1 1
github.com/calculi-corp/data-ingestion-service/internal/datapipeline/automation-status-pipeline.go:495.66,496.83 1 1
github.com/calculi-corp/data-ingestion-service/internal/datapipeline/automation-status-pipeline.go:497.159,498.81 1 1
github.com/calculi-corp/data-ingestion-service/internal/datapipeline/automation-status-pipeline.go:499.10,500.85 1 1
github.com/calculi-corp/data-ingestion-service/internal/datapipeline/automation-status-pipeline.go:504.110,506.30 1 1
github.com/calculi-corp/data-ingestion-service/internal/datapipeline/automation-status-pipeline.go:506.30,508.3 1 1
github.com/calculi-corp/data-ingestion-service/internal/datapipeline/automation-status-pipeline.go:510.2,510.29 1 1
github.com/calculi-corp/data-ingestion-service/internal/datapipeline/automation-status-pipeline.go:510.29,512.3 1 1
github.com/calculi-corp/data-ingestion-service/internal/datapipeline/automation-status-pipeline.go:514.2,514.61 1 1
github.com/calculi-corp/data-ingestion-service/internal/datapipeline/automation-status-pipeline.go:517.60,521.16 4 1
github.com/calculi-corp/data-ingestion-service/internal/datapipeline/automation-status-pipeline.go:521.16,524.3 2 1
github.com/calculi-corp/data-ingestion-service/internal/datapipeline/automation-status-pipeline.go:526.2,528.27 2 1
github.com/calculi-corp/data-ingestion-service/internal/datapipeline/automation-status-pipeline.go:528.27,529.34 1 1
github.com/calculi-corp/data-ingestion-service/internal/datapipeline/automation-status-pipeline.go:529.34,530.23 1 1
github.com/calculi-corp/data-ingestion-service/internal/datapipeline/automation-status-pipeline.go:531.51,535.40 4 1
github.com/calculi-corp/data-ingestion-service/internal/datapipeline/automation-status-pipeline.go:536.53,540.40 4 1
github.com/calculi-corp/data-ingestion-service/internal/datapipeline/automation-status-pipeline.go:543.8,545.3 1 1
github.com/calculi-corp/data-ingestion-service/internal/datapipeline/automation-status-pipeline.go:546.2,546.16 1 1
github.com/calculi-corp/data-ingestion-service/internal/datapipeline/automation-status-pipeline.go:549.95,552.16 3 1
github.com/calculi-corp/data-ingestion-service/internal/datapipeline/automation-status-pipeline.go:552.16,554.3 1 0
github.com/calculi-corp/data-ingestion-service/internal/datapipeline/automation-status-pipeline.go:554.8,558.3 1 1
github.com/calculi-corp/data-ingestion-service/internal/datapipeline/automation-status-pipeline.go:559.2,559.24 1 1
github.com/calculi-corp/data-ingestion-service/internal/datapipeline/automation-status-pipeline.go:562.95,565.16 3 1
github.com/calculi-corp/data-ingestion-service/internal/datapipeline/automation-status-pipeline.go:565.16,567.3 1 0
github.com/calculi-corp/data-ingestion-service/internal/datapipeline/automation-status-pipeline.go:567.8,571.3 1 1
github.com/calculi-corp/data-ingestion-service/internal/datapipeline/automation-status-pipeline.go:572.2,572.24 1 1
github.com/calculi-corp/data-ingestion-service/internal/datapipeline/external-tools-pipeline.go:15.75,20.2 2 1
github.com/calculi-corp/data-ingestion-service/internal/datapipeline/external-tools-pipeline.go:22.103,26.2 2 1
github.com/calculi-corp/data-ingestion-service/internal/datapipeline/external-tools-pipeline.go:28.89,33.16 3 1
github.com/calculi-corp/data-ingestion-service/internal/datapipeline/external-tools-pipeline.go:33.16,36.3 2 1
github.com/calculi-corp/data-ingestion-service/internal/datapipeline/external-tools-pipeline.go:38.2,38.18 1 1
github.com/calculi-corp/data-ingestion-service/internal/datapipeline/jira-data-pipeline.go:32.80,38.2 2 1
github.com/calculi-corp/data-ingestion-service/internal/datapipeline/jira-data-pipeline.go:40.94,42.16 2 1
github.com/calculi-corp/data-ingestion-service/internal/datapipeline/jira-data-pipeline.go:42.16,44.3 1 1
github.com/calculi-corp/data-ingestion-service/internal/datapipeline/jira-data-pipeline.go:46.2,46.35 1 1
github.com/calculi-corp/data-ingestion-service/internal/datapipeline/jira-data-pipeline.go:46.35,48.17 2 1
github.com/calculi-corp/data-ingestion-service/internal/datapipeline/jira-data-pipeline.go:48.17,51.4 1 0
github.com/calculi-corp/data-ingestion-service/internal/datapipeline/jira-data-pipeline.go:55.58,58.82 3 1
github.com/calculi-corp/data-ingestion-service/internal/datapipeline/jira-data-pipeline.go:58.82,61.3 1 1
github.com/calculi-corp/data-ingestion-service/internal/datapipeline/jira-data-pipeline.go:62.2,62.42 1 1
github.com/calculi-corp/data-ingestion-service/internal/datapipeline/jira-data-pipeline.go:65.84,72.24 2 1
github.com/calculi-corp/data-ingestion-service/internal/datapipeline/jira-data-pipeline.go:72.24,75.3 2 1
github.com/calculi-corp/data-ingestion-service/internal/datapipeline/jira-data-pipeline.go:75.8,77.3 1 0
github.com/calculi-corp/data-ingestion-service/internal/datapipeline/jira-data-pipeline.go:78.2,78.12 1 0
github.com/calculi-corp/data-ingestion-service/internal/datapipeline/jira-data-pipeline.go:81.91,83.55 2 1
github.com/calculi-corp/data-ingestion-service/internal/datapipeline/jira-data-pipeline.go:83.55,85.3 1 0
github.com/calculi-corp/data-ingestion-service/internal/datapipeline/jira-data-pipeline.go:87.2,88.16 2 1
github.com/calculi-corp/data-ingestion-service/internal/datapipeline/jira-data-pipeline.go:88.16,90.3 1 0
github.com/calculi-corp/data-ingestion-service/internal/datapipeline/jira-data-pipeline.go:90.8,92.3 1 1
github.com/calculi-corp/data-ingestion-service/internal/datapipeline/jira-data-pipeline.go:93.2,93.12 1 1
github.com/calculi-corp/data-ingestion-service/internal/datapipeline/jira-data-pipeline.go:96.76,101.65 3 1
github.com/calculi-corp/data-ingestion-service/internal/datapipeline/jira-data-pipeline.go:101.65,103.3 1 0
github.com/calculi-corp/data-ingestion-service/internal/datapipeline/jira-data-pipeline.go:105.2,107.29 2 1
github.com/calculi-corp/data-ingestion-service/internal/datapipeline/jira-data-pipeline.go:110.59,112.20 2 1
github.com/calculi-corp/data-ingestion-service/internal/datapipeline/jira-data-pipeline.go:112.20,114.27 2 1
github.com/calculi-corp/data-ingestion-service/internal/datapipeline/jira-data-pipeline.go:114.27,122.29 6 1
github.com/calculi-corp/data-ingestion-service/internal/datapipeline/jira-data-pipeline.go:122.29,128.5 2 1
github.com/calculi-corp/data-ingestion-service/internal/datapipeline/jira-data-pipeline.go:131.3,138.45 6 1
github.com/calculi-corp/data-ingestion-service/internal/datapipeline/jira-data-pipeline.go:138.45,144.4 5 1
github.com/calculi-corp/data-ingestion-service/internal/datapipeline/jira-data-pipeline.go:145.3,149.53 3 1
github.com/calculi-corp/data-ingestion-service/internal/datapipeline/jira-data-pipeline.go:149.53,159.51 8 1
github.com/calculi-corp/data-ingestion-service/internal/datapipeline/jira-data-pipeline.go:159.51,169.5 9 1
github.com/calculi-corp/data-ingestion-service/internal/datapipeline/jira-data-pipeline.go:170.4,173.50 3 1
github.com/calculi-corp/data-ingestion-service/internal/datapipeline/jira-data-pipeline.go:175.3,175.38 1 1
github.com/calculi-corp/data-ingestion-service/internal/datapipeline/jira-data-pipeline.go:176.8,179.3 1 1
github.com/calculi-corp/data-ingestion-service/internal/datapipeline/jira-data-pipeline.go:180.2,180.20 1 1
github.com/calculi-corp/data-ingestion-service/internal/datapipeline/jira-data-pipeline.go:183.92,187.16 3 1
github.com/calculi-corp/data-ingestion-service/internal/datapipeline/jira-data-pipeline.go:187.16,189.3 1 1
github.com/calculi-corp/data-ingestion-service/internal/datapipeline/jira-data-pipeline.go:191.2,191.31 1 1
github.com/calculi-corp/data-ingestion-service/internal/datapipeline/jira-data-pipeline.go:191.31,193.17 2 1
github.com/calculi-corp/data-ingestion-service/internal/datapipeline/jira-data-pipeline.go:193.17,196.4 1 0
github.com/calculi-corp/data-ingestion-service/internal/datapipeline/jira-data-pipeline.go:210.54,213.80 3 1
github.com/calculi-corp/data-ingestion-service/internal/datapipeline/jira-data-pipeline.go:213.80,216.3 1 1
github.com/calculi-corp/data-ingestion-service/internal/datapipeline/jira-data-pipeline.go:217.2,217.38 1 1
github.com/calculi-corp/data-ingestion-service/internal/datapipeline/jira-data-pipeline.go:220.78,230.16 5 1
github.com/calculi-corp/data-ingestion-service/internal/datapipeline/jira-data-pipeline.go:230.16,232.3 1 0
github.com/calculi-corp/data-ingestion-service/internal/datapipeline/jira-data-pipeline.go:234.2,235.35 2 1
github.com/calculi-corp/data-ingestion-service/internal/datapipeline/jira-data-pipeline.go:235.35,238.50 3 1
github.com/calculi-corp/data-ingestion-service/internal/datapipeline/jira-data-pipeline.go:238.50,240.107 2 0
github.com/calculi-corp/data-ingestion-service/internal/datapipeline/jira-data-pipeline.go:240.107,242.5 1 0
github.com/calculi-corp/data-ingestion-service/internal/datapipeline/jira-data-pipeline.go:243.4,243.68 1 0
github.com/calculi-corp/data-ingestion-service/internal/datapipeline/jira-data-pipeline.go:243.68,246.5 2 0
github.com/calculi-corp/data-ingestion-service/internal/datapipeline/jira-data-pipeline.go:247.4,248.84 2 0
github.com/calculi-corp/data-ingestion-service/internal/datapipeline/jira-data-pipeline.go:250.8,250.43 1 0
github.com/calculi-corp/data-ingestion-service/internal/datapipeline/jira-data-pipeline.go:250.43,254.17 3 0
github.com/calculi-corp/data-ingestion-service/internal/datapipeline/jira-data-pipeline.go:254.17,256.4 1 0
github.com/calculi-corp/data-ingestion-service/internal/datapipeline/jira-data-pipeline.go:257.3,257.31 1 0
github.com/calculi-corp/data-ingestion-service/internal/datapipeline/jira-data-pipeline.go:257.31,259.51 2 0
github.com/calculi-corp/data-ingestion-service/internal/datapipeline/jira-data-pipeline.go:259.51,261.110 2 0
github.com/calculi-corp/data-ingestion-service/internal/datapipeline/jira-data-pipeline.go:261.110,263.6 1 0
github.com/calculi-corp/data-ingestion-service/internal/datapipeline/jira-data-pipeline.go:264.5,264.69 1 0
github.com/calculi-corp/data-ingestion-service/internal/datapipeline/jira-data-pipeline.go:264.69,267.6 2 0
github.com/calculi-corp/data-ingestion-service/internal/datapipeline/jira-data-pipeline.go:268.5,269.85 2 0
github.com/calculi-corp/data-ingestion-service/internal/datapipeline/jira-data-pipeline.go:271.9,274.109 2 0
github.com/calculi-corp/data-ingestion-service/internal/datapipeline/jira-data-pipeline.go:274.109,276.5 1 0
github.com/calculi-corp/data-ingestion-service/internal/datapipeline/jira-data-pipeline.go:277.4,277.68 1 0
github.com/calculi-corp/data-ingestion-service/internal/datapipeline/jira-data-pipeline.go:277.68,280.5 2 0
github.com/calculi-corp/data-ingestion-service/internal/datapipeline/jira-data-pipeline.go:281.4,282.18 2 0
github.com/calculi-corp/data-ingestion-service/internal/datapipeline/jira-data-pipeline.go:282.18,284.5 1 0
github.com/calculi-corp/data-ingestion-service/internal/datapipeline/jira-data-pipeline.go:285.4,285.32 1 0
github.com/calculi-corp/data-ingestion-service/internal/datapipeline/jira-data-pipeline.go:285.32,287.52 2 0
github.com/calculi-corp/data-ingestion-service/internal/datapipeline/jira-data-pipeline.go:287.52,290.6 2 0
github.com/calculi-corp/data-ingestion-service/internal/datapipeline/jira-data-pipeline.go:295.2,295.12 1 1
github.com/calculi-corp/data-ingestion-service/internal/datapipeline/jira-data-pipeline.go:298.85,299.22 1 1
github.com/calculi-corp/data-ingestion-service/internal/datapipeline/jira-data-pipeline.go:299.22,301.54 2 1
github.com/calculi-corp/data-ingestion-service/internal/datapipeline/jira-data-pipeline.go:301.54,303.4 1 0
github.com/calculi-corp/data-ingestion-service/internal/datapipeline/jira-data-pipeline.go:305.3,306.17 2 1
github.com/calculi-corp/data-ingestion-service/internal/datapipeline/jira-data-pipeline.go:306.17,309.4 2 0
github.com/calculi-corp/data-ingestion-service/internal/datapipeline/jira-data-pipeline.go:309.9,311.4 1 1
github.com/calculi-corp/data-ingestion-service/internal/datapipeline/jira-data-pipeline.go:312.8,314.3 1 0
github.com/calculi-corp/data-ingestion-service/internal/datapipeline/jira-data-pipeline.go:315.2,316.12 2 1
github.com/calculi-corp/data-ingestion-service/internal/datapipeline/jira-data-pipeline.go:319.111,335.16 7 1
github.com/calculi-corp/data-ingestion-service/internal/datapipeline/jira-data-pipeline.go:335.16,337.3 1 1
github.com/calculi-corp/data-ingestion-service/internal/datapipeline/jira-data-pipeline.go:339.2,344.27 4 1
github.com/calculi-corp/data-ingestion-service/internal/datapipeline/jira-data-pipeline.go:344.27,346.34 2 1
github.com/calculi-corp/data-ingestion-service/internal/datapipeline/jira-data-pipeline.go:346.34,347.80 1 1
github.com/calculi-corp/data-ingestion-service/internal/datapipeline/jira-data-pipeline.go:347.80,348.89 1 1
github.com/calculi-corp/data-ingestion-service/internal/datapipeline/jira-data-pipeline.go:348.89,349.62 1 1
github.com/calculi-corp/data-ingestion-service/internal/datapipeline/jira-data-pipeline.go:349.62,355.7 5 1
github.com/calculi-corp/data-ingestion-service/internal/datapipeline/jira-data-pipeline.go:360.2,360.15 1 1
github.com/calculi-corp/data-ingestion-service/internal/datapipeline/jira-data-pipeline.go:363.151,381.16 7 1
github.com/calculi-corp/data-ingestion-service/internal/datapipeline/jira-data-pipeline.go:381.16,383.3 1 1
github.com/calculi-corp/data-ingestion-service/internal/datapipeline/jira-data-pipeline.go:385.2,390.27 4 1
github.com/calculi-corp/data-ingestion-service/internal/datapipeline/jira-data-pipeline.go:390.27,392.34 2 1
github.com/calculi-corp/data-ingestion-service/internal/datapipeline/jira-data-pipeline.go:392.34,393.80 1 1
github.com/calculi-corp/data-ingestion-service/internal/datapipeline/jira-data-pipeline.go:393.80,394.89 1 1
github.com/calculi-corp/data-ingestion-service/internal/datapipeline/jira-data-pipeline.go:394.89,395.62 1 1
github.com/calculi-corp/data-ingestion-service/internal/datapipeline/jira-data-pipeline.go:395.62,401.7 5 1
github.com/calculi-corp/data-ingestion-service/internal/datapipeline/jira-data-pipeline.go:407.2,407.24 1 1
github.com/calculi-corp/data-ingestion-service/internal/datapipeline/jira-data-pipeline.go:410.113,426.16 7 1
github.com/calculi-corp/data-ingestion-service/internal/datapipeline/jira-data-pipeline.go:426.16,428.3 1 1
github.com/calculi-corp/data-ingestion-service/internal/datapipeline/jira-data-pipeline.go:430.2,435.27 4 1
github.com/calculi-corp/data-ingestion-service/internal/datapipeline/jira-data-pipeline.go:435.27,437.34 2 1
github.com/calculi-corp/data-ingestion-service/internal/datapipeline/jira-data-pipeline.go:437.34,438.80 1 1
github.com/calculi-corp/data-ingestion-service/internal/datapipeline/jira-data-pipeline.go:438.80,439.89 1 1
github.com/calculi-corp/data-ingestion-service/internal/datapipeline/jira-data-pipeline.go:439.89,440.62 1 1
github.com/calculi-corp/data-ingestion-service/internal/datapipeline/jira-data-pipeline.go:440.62,446.7 5 1
github.com/calculi-corp/data-ingestion-service/internal/datapipeline/jira-data-pipeline.go:452.2,452.24 1 1
github.com/calculi-corp/data-ingestion-service/internal/datapipeline/jira-data-pipeline.go:455.70,460.63 3 1
github.com/calculi-corp/data-ingestion-service/internal/datapipeline/jira-data-pipeline.go:460.63,462.3 1 0
github.com/calculi-corp/data-ingestion-service/internal/datapipeline/jira-data-pipeline.go:464.2,466.29 2 1
github.com/calculi-corp/data-ingestion-service/internal/datapipeline/jira-data-pipeline.go:469.51,471.18 2 1
github.com/calculi-corp/data-ingestion-service/internal/datapipeline/jira-data-pipeline.go:471.18,474.27 3 1
github.com/calculi-corp/data-ingestion-service/internal/datapipeline/jira-data-pipeline.go:474.27,490.29 6 1
github.com/calculi-corp/data-ingestion-service/internal/datapipeline/jira-data-pipeline.go:490.29,496.5 2 1
github.com/calculi-corp/data-ingestion-service/internal/datapipeline/jira-data-pipeline.go:499.3,522.70 21 1
github.com/calculi-corp/data-ingestion-service/internal/datapipeline/jira-data-pipeline.go:522.70,523.62 1 1
github.com/calculi-corp/data-ingestion-service/internal/datapipeline/jira-data-pipeline.go:523.62,524.45 1 1
github.com/calculi-corp/data-ingestion-service/internal/datapipeline/jira-data-pipeline.go:524.45,539.64 13 1
github.com/calculi-corp/data-ingestion-service/internal/datapipeline/jira-data-pipeline.go:539.64,541.7 1 1
github.com/calculi-corp/data-ingestion-service/internal/datapipeline/jira-data-pipeline.go:546.3,546.87 1 1
github.com/calculi-corp/data-ingestion-service/internal/datapipeline/jira-data-pipeline.go:546.87,548.4 1 0
github.com/calculi-corp/data-ingestion-service/internal/datapipeline/jira-data-pipeline.go:550.3,565.40 14 1
github.com/calculi-corp/data-ingestion-service/internal/datapipeline/jira-data-pipeline.go:566.8,569.3 1 0
github.com/calculi-corp/data-ingestion-service/internal/datapipeline/jira-data-pipeline.go:570.2,570.18 1 1
github.com/calculi-corp/data-ingestion-service/internal/datapipeline/jira-data-pipeline.go:573.103,575.16 2 1
github.com/calculi-corp/data-ingestion-service/internal/datapipeline/jira-data-pipeline.go:575.16,577.3 1 1
github.com/calculi-corp/data-ingestion-service/internal/datapipeline/jira-data-pipeline.go:579.2,579.53 1 1
github.com/calculi-corp/data-ingestion-service/internal/datapipeline/jira-data-pipeline.go:579.53,581.17 2 1
github.com/calculi-corp/data-ingestion-service/internal/datapipeline/jira-data-pipeline.go:581.17,584.4 1 0
github.com/calculi-corp/data-ingestion-service/internal/datapipeline/jira-data-pipeline.go:588.106,590.16 2 1
github.com/calculi-corp/data-ingestion-service/internal/datapipeline/jira-data-pipeline.go:590.16,592.3 1 1
github.com/calculi-corp/data-ingestion-service/internal/datapipeline/jira-data-pipeline.go:594.2,595.16 2 0
github.com/calculi-corp/data-ingestion-service/internal/datapipeline/jira-data-pipeline.go:595.16,598.3 1 0
github.com/calculi-corp/data-ingestion-service/internal/datapipeline/jira-data-pipeline.go:602.76,605.93 3 1
github.com/calculi-corp/data-ingestion-service/internal/datapipeline/jira-data-pipeline.go:605.93,608.3 1 1
github.com/calculi-corp/data-ingestion-service/internal/datapipeline/jira-data-pipeline.go:609.2,609.60 1 1
github.com/calculi-corp/data-ingestion-service/internal/datapipeline/jira-data-pipeline.go:612.111,616.33 2 1
github.com/calculi-corp/data-ingestion-service/internal/datapipeline/jira-data-pipeline.go:616.33,619.17 2 1
github.com/calculi-corp/data-ingestion-service/internal/datapipeline/jira-data-pipeline.go:619.17,621.4 1 0
github.com/calculi-corp/data-ingestion-service/internal/datapipeline/jira-data-pipeline.go:624.3,624.79 1 1
github.com/calculi-corp/data-ingestion-service/internal/datapipeline/jira-data-pipeline.go:624.79,626.24 2 1
github.com/calculi-corp/data-ingestion-service/internal/datapipeline/jira-data-pipeline.go:626.24,628.38 2 0
github.com/calculi-corp/data-ingestion-service/internal/datapipeline/jira-data-pipeline.go:628.38,630.45 2 0
github.com/calculi-corp/data-ingestion-service/internal/datapipeline/jira-data-pipeline.go:630.45,633.7 2 0
github.com/calculi-corp/data-ingestion-service/internal/datapipeline/jira-data-pipeline.go:637.4,637.22 1 1
github.com/calculi-corp/data-ingestion-service/internal/datapipeline/jira-data-pipeline.go:637.22,639.36 2 1
github.com/calculi-corp/data-ingestion-service/internal/datapipeline/jira-data-pipeline.go:639.36,641.45 2 1
github.com/calculi-corp/data-ingestion-service/internal/datapipeline/jira-data-pipeline.go:641.45,644.7 2 0
github.com/calculi-corp/data-ingestion-service/internal/datapipeline/jira-data-pipeline.go:652.3,653.13 2 1
github.com/calculi-corp/data-ingestion-service/internal/datapipeline/jira-data-pipeline.go:654.8,656.3 1 0
github.com/calculi-corp/data-ingestion-service/internal/datapipeline/jira-data-pipeline.go:657.2,657.12 1 0
github.com/calculi-corp/data-ingestion-service/internal/datapipeline/jira-data-pipeline.go:660.118,663.66 3 1
github.com/calculi-corp/data-ingestion-service/internal/datapipeline/jira-data-pipeline.go:663.66,665.3 1 0
github.com/calculi-corp/data-ingestion-service/internal/datapipeline/jira-data-pipeline.go:667.2,668.16 2 1
github.com/calculi-corp/data-ingestion-service/internal/datapipeline/jira-data-pipeline.go:668.16,671.3 1 0
github.com/calculi-corp/data-ingestion-service/internal/datapipeline/jira-data-pipeline.go:671.8,673.3 1 1
github.com/calculi-corp/data-ingestion-service/internal/datapipeline/jira-data-pipeline.go:674.2,674.12 1 1
github.com/calculi-corp/data-ingestion-service/internal/datapipeline/jira-data-pipeline.go:677.62,680.33 2 1
github.com/calculi-corp/data-ingestion-service/internal/datapipeline/jira-data-pipeline.go:680.33,682.3 1 1
github.com/calculi-corp/data-ingestion-service/internal/datapipeline/jira-data-pipeline.go:684.2,684.18 1 1
github.com/calculi-corp/data-ingestion-service/internal/datapipeline/jira-data-pipeline.go:687.72,693.30 3 1
github.com/calculi-corp/data-ingestion-service/internal/datapipeline/jira-data-pipeline.go:693.30,695.3 1 0
github.com/calculi-corp/data-ingestion-service/internal/datapipeline/jira-data-pipeline.go:698.2,698.30 1 1
github.com/calculi-corp/data-ingestion-service/internal/datapipeline/jira-data-pipeline.go:698.30,700.3 1 1
github.com/calculi-corp/data-ingestion-service/internal/datapipeline/jira-data-pipeline.go:703.2,707.30 3 1
github.com/calculi-corp/data-ingestion-service/internal/datapipeline/jira-data-pipeline.go:707.30,708.18 1 1
github.com/calculi-corp/data-ingestion-service/internal/datapipeline/jira-data-pipeline.go:708.18,710.4 1 1
github.com/calculi-corp/data-ingestion-service/internal/datapipeline/jira-data-pipeline.go:714.2,714.30 1 1
github.com/calculi-corp/data-ingestion-service/internal/datapipeline/jira-data-pipeline.go:714.30,715.18 1 0
github.com/calculi-corp/data-ingestion-service/internal/datapipeline/jira-data-pipeline.go:715.18,717.4 1 0
github.com/calculi-corp/data-ingestion-service/internal/datapipeline/jira-data-pipeline.go:720.2,720.23 1 1
github.com/calculi-corp/data-ingestion-service/internal/datapipeline/jira-data-pipeline.go:723.99,728.74 3 1
github.com/calculi-corp/data-ingestion-service/internal/datapipeline/jira-data-pipeline.go:728.74,730.3 1 0
github.com/calculi-corp/data-ingestion-service/internal/datapipeline/jira-data-pipeline.go:732.2,734.29 2 1
github.com/calculi-corp/data-ingestion-service/internal/datapipeline/jira-data-pipeline.go:737.95,739.29 2 1
github.com/calculi-corp/data-ingestion-service/internal/datapipeline/jira-data-pipeline.go:739.29,742.27 3 1
github.com/calculi-corp/data-ingestion-service/internal/datapipeline/jira-data-pipeline.go:742.27,749.29 6 1
github.com/calculi-corp/data-ingestion-service/internal/datapipeline/jira-data-pipeline.go:749.29,752.5 2 1
github.com/calculi-corp/data-ingestion-service/internal/datapipeline/jira-data-pipeline.go:755.3,761.75 7 1
github.com/calculi-corp/data-ingestion-service/internal/datapipeline/jira-data-pipeline.go:762.8,765.3 1 0
github.com/calculi-corp/data-ingestion-service/internal/datapipeline/jira-data-pipeline.go:766.2,766.29 1 1
github.com/calculi-corp/data-ingestion-service/internal/datapipeline/jira-data-pipeline.go:769.79,772.96 3 1
github.com/calculi-corp/data-ingestion-service/internal/datapipeline/jira-data-pipeline.go:772.96,775.3 1 1
github.com/calculi-corp/data-ingestion-service/internal/datapipeline/jira-data-pipeline.go:776.2,776.33 1 0
github.com/calculi-corp/data-ingestion-service/internal/datapipeline/jira-data-pipeline.go:779.120,783.34 2 1
github.com/calculi-corp/data-ingestion-service/internal/datapipeline/jira-data-pipeline.go:783.34,787.67 2 1
github.com/calculi-corp/data-ingestion-service/internal/datapipeline/jira-data-pipeline.go:787.67,789.4 1 0
github.com/calculi-corp/data-ingestion-service/internal/datapipeline/jira-data-pipeline.go:791.3,791.73 1 1
github.com/calculi-corp/data-ingestion-service/internal/datapipeline/jira-data-pipeline.go:791.73,795.4 2 0
github.com/calculi-corp/data-ingestion-service/internal/datapipeline/jira-data-pipeline.go:795.9,804.4 6 1
github.com/calculi-corp/data-ingestion-service/internal/datapipeline/jira-data-pipeline.go:805.3,807.13 2 1
github.com/calculi-corp/data-ingestion-service/internal/datapipeline/jira-data-pipeline.go:808.8,810.3 1 0
github.com/calculi-corp/data-ingestion-service/internal/datapipeline/jira-data-pipeline.go:811.2,811.12 1 0
github.com/calculi-corp/data-ingestion-service/internal/datapipeline/jira-data-pipeline.go:814.123,816.69 2 1
github.com/calculi-corp/data-ingestion-service/internal/datapipeline/jira-data-pipeline.go:816.69,818.3 1 0
github.com/calculi-corp/data-ingestion-service/internal/datapipeline/jira-data-pipeline.go:820.2,821.16 2 1
github.com/calculi-corp/data-ingestion-service/internal/datapipeline/jira-data-pipeline.go:821.16,824.3 1 0
github.com/calculi-corp/data-ingestion-service/internal/datapipeline/jira-data-pipeline.go:824.8,826.3 1 1
github.com/calculi-corp/data-ingestion-service/internal/datapipeline/jira-data-pipeline.go:827.2,828.12 2 1
github.com/calculi-corp/data-ingestion-service/internal/datapipeline/jira-data-pipeline.go:831.57,833.28 1 1
github.com/calculi-corp/data-ingestion-service/internal/datapipeline/jira-data-pipeline.go:833.28,836.38 2 1
github.com/calculi-corp/data-ingestion-service/internal/datapipeline/jira-data-pipeline.go:836.38,837.26 1 1
github.com/calculi-corp/data-ingestion-service/internal/datapipeline/jira-data-pipeline.go:837.26,839.10 2 0
github.com/calculi-corp/data-ingestion-service/internal/datapipeline/jira-data-pipeline.go:844.3,844.13 1 1
github.com/calculi-corp/data-ingestion-service/internal/datapipeline/jira-data-pipeline.go:844.13,846.4 1 1
github.com/calculi-corp/data-ingestion-service/internal/datapipeline/jira-data-pipeline.go:848.2,848.15 1 1
github.com/calculi-corp/data-ingestion-service/internal/datapipeline/jira-data-pipeline.go:851.108,856.77 3 1
github.com/calculi-corp/data-ingestion-service/internal/datapipeline/jira-data-pipeline.go:856.77,858.3 1 0
github.com/calculi-corp/data-ingestion-service/internal/datapipeline/jira-data-pipeline.go:860.2,862.29 2 1
github.com/calculi-corp/data-ingestion-service/internal/datapipeline/jira-data-pipeline.go:865.107,867.32 2 1
github.com/calculi-corp/data-ingestion-service/internal/datapipeline/jira-data-pipeline.go:867.32,887.3 5 1
github.com/calculi-corp/data-ingestion-service/internal/datapipeline/jira-data-pipeline.go:887.8,890.3 1 0
github.com/calculi-corp/data-ingestion-service/internal/datapipeline/jira-data-pipeline.go:891.2,891.32 1 1
github.com/calculi-corp/data-ingestion-service/internal/datapipeline/jira-data-pipeline.go:894.224,897.108 2 1
github.com/calculi-corp/data-ingestion-service/internal/datapipeline/jira-data-pipeline.go:897.108,899.3 1 1
github.com/calculi-corp/data-ingestion-service/internal/datapipeline/jira-data-pipeline.go:900.2,900.33 1 1
github.com/calculi-corp/data-ingestion-service/internal/datapipeline/jira-data-pipeline.go:900.33,902.3 1 0
github.com/calculi-corp/data-ingestion-service/internal/datapipeline/jira-data-pipeline.go:904.2,905.16 2 1
github.com/calculi-corp/data-ingestion-service/internal/datapipeline/jira-data-pipeline.go:905.16,908.3 1 0
github.com/calculi-corp/data-ingestion-service/internal/datapipeline/jira-data-pipeline.go:921.198,928.73 1 1
github.com/calculi-corp/data-ingestion-service/internal/datapipeline/jira-data-pipeline.go:928.73,931.74 1 1
github.com/calculi-corp/data-ingestion-service/internal/datapipeline/jira-data-pipeline.go:931.74,936.4 3 1
github.com/calculi-corp/data-ingestion-service/internal/datapipeline/jira-data-pipeline.go:936.9,939.4 1 1
github.com/calculi-corp/data-ingestion-service/internal/datapipeline/jira-data-pipeline.go:941.8,943.3 1 1
github.com/calculi-corp/data-ingestion-service/internal/datapipeline/jira-data-pipeline.go:944.2,944.12 1 1
github.com/calculi-corp/data-ingestion-service/internal/datapipeline/jira-data-pipeline.go:947.114,948.62 1 1
github.com/calculi-corp/data-ingestion-service/internal/datapipeline/jira-data-pipeline.go:948.62,951.61 3 1
github.com/calculi-corp/data-ingestion-service/internal/datapipeline/jira-data-pipeline.go:951.61,953.4 1 0
github.com/calculi-corp/data-ingestion-service/internal/datapipeline/jira-data-pipeline.go:955.3,956.17 2 1
github.com/calculi-corp/data-ingestion-service/internal/datapipeline/jira-data-pipeline.go:956.17,959.4 1 0
github.com/calculi-corp/data-ingestion-service/internal/datapipeline/jira-data-pipeline.go:959.9,961.4 1 1
github.com/calculi-corp/data-ingestion-service/internal/datapipeline/jira-data-pipeline.go:962.8,964.3 1 1
github.com/calculi-corp/data-ingestion-service/internal/datapipeline/jira-data-pipeline.go:965.2,965.12 1 1
github.com/calculi-corp/data-ingestion-service/internal/datapipeline/jira-data-pipeline.go:968.84,972.76 3 1
github.com/calculi-corp/data-ingestion-service/internal/datapipeline/jira-data-pipeline.go:972.76,974.3 1 0
github.com/calculi-corp/data-ingestion-service/internal/datapipeline/jira-data-pipeline.go:975.2,981.29 2 1
github.com/calculi-corp/data-ingestion-service/internal/datapipeline/jira-data-pipeline.go:984.227,993.128 5 1
github.com/calculi-corp/data-ingestion-service/internal/datapipeline/jira-data-pipeline.go:993.128,995.3 1 1
github.com/calculi-corp/data-ingestion-service/internal/datapipeline/jira-data-pipeline.go:996.2,996.108 1 1
github.com/calculi-corp/data-ingestion-service/internal/datapipeline/jira-data-pipeline.go:996.108,999.3 2 1
github.com/calculi-corp/data-ingestion-service/internal/datapipeline/jira-data-pipeline.go:1001.2,1001.93 1 1
github.com/calculi-corp/data-ingestion-service/internal/datapipeline/jira-data-pipeline.go:1001.93,1003.89 1 1
github.com/calculi-corp/data-ingestion-service/internal/datapipeline/jira-data-pipeline.go:1003.89,1005.164 2 1
github.com/calculi-corp/data-ingestion-service/internal/datapipeline/jira-data-pipeline.go:1005.164,1007.5 1 1
github.com/calculi-corp/data-ingestion-service/internal/datapipeline/jira-data-pipeline.go:1008.4,1008.68 1 0
github.com/calculi-corp/data-ingestion-service/internal/datapipeline/jira-data-pipeline.go:1008.68,1010.5 1 0
github.com/calculi-corp/data-ingestion-service/internal/datapipeline/jira-data-pipeline.go:1010.10,1013.5 2 0
github.com/calculi-corp/data-ingestion-service/internal/datapipeline/jira-data-pipeline.go:1014.9,1017.4 1 1
github.com/calculi-corp/data-ingestion-service/internal/datapipeline/jira-data-pipeline.go:1019.2,1019.24 1 1
github.com/calculi-corp/data-ingestion-service/internal/datapipeline/jira-data-pipeline.go:1022.263,1027.2 4 0
github.com/calculi-corp/data-ingestion-service/internal/datapipeline/jira-data-pipeline.go:1029.116,1036.2 6 1
github.com/calculi-corp/data-ingestion-service/internal/datapipeline/jira-data-pipeline.go:1038.182,1039.22 1 0
github.com/calculi-corp/data-ingestion-service/internal/datapipeline/jira-data-pipeline.go:1039.22,1043.3 2 0
github.com/calculi-corp/data-ingestion-service/internal/datapipeline/jira-data-pipeline.go:1045.2,1057.60 6 0
github.com/calculi-corp/data-ingestion-service/internal/datapipeline/jira-data-pipeline.go:1060.97,1083.2 20 1
github.com/calculi-corp/data-ingestion-service/internal/datapipeline/jira-data-pipeline.go:1085.112,1086.126 1 1
github.com/calculi-corp/data-ingestion-service/internal/datapipeline/jira-data-pipeline.go:1086.126,1088.32 2 1
github.com/calculi-corp/data-ingestion-service/internal/datapipeline/jira-data-pipeline.go:1088.32,1089.116 1 1
github.com/calculi-corp/data-ingestion-service/internal/datapipeline/jira-data-pipeline.go:1089.116,1093.19 4 1
github.com/calculi-corp/data-ingestion-service/internal/datapipeline/jira-data-pipeline.go:1093.19,1095.6 1 0
github.com/calculi-corp/data-ingestion-service/internal/datapipeline/jira-data-pipeline.go:1096.10,1098.5 1 1
github.com/calculi-corp/data-ingestion-service/internal/datapipeline/jira-data-pipeline.go:1101.3,1102.24 2 1
github.com/calculi-corp/data-ingestion-service/internal/datapipeline/jira-data-pipeline.go:1102.24,1103.23 1 1
github.com/calculi-corp/data-ingestion-service/internal/datapipeline/jira-data-pipeline.go:1103.23,1105.5 1 0
github.com/calculi-corp/data-ingestion-service/internal/datapipeline/jira-data-pipeline.go:1106.4,1111.70 6 1
github.com/calculi-corp/data-ingestion-service/internal/datapipeline/jira-data-pipeline.go:1112.9,1115.4 1 1
github.com/calculi-corp/data-ingestion-service/internal/datapipeline/jira-data-pipeline.go:1116.8,1118.3 1 1
github.com/calculi-corp/data-ingestion-service/internal/datapipeline/jira-data-pipeline.go:1121.126,1127.31 5 1
github.com/calculi-corp/data-ingestion-service/internal/datapipeline/jira-data-pipeline.go:1127.31,1128.46 1 1
github.com/calculi-corp/data-ingestion-service/internal/datapipeline/jira-data-pipeline.go:1128.46,1129.64 1 1
github.com/calculi-corp/data-ingestion-service/internal/datapipeline/jira-data-pipeline.go:1129.64,1131.162 1 1
github.com/calculi-corp/data-ingestion-service/internal/datapipeline/jira-data-pipeline.go:1131.162,1133.109 1 1
github.com/calculi-corp/data-ingestion-service/internal/datapipeline/jira-data-pipeline.go:1133.109,1136.21 3 1
github.com/calculi-corp/data-ingestion-service/internal/datapipeline/jira-data-pipeline.go:1136.21,1137.98 1 1
github.com/calculi-corp/data-ingestion-service/internal/datapipeline/jira-data-pipeline.go:1137.98,1139.9 1 0
github.com/calculi-corp/data-ingestion-service/internal/datapipeline/jira-data-pipeline.go:1139.14,1141.9 1 1
github.com/calculi-corp/data-ingestion-service/internal/datapipeline/jira-data-pipeline.go:1142.8,1142.69 1 1
github.com/calculi-corp/data-ingestion-service/internal/datapipeline/jira-data-pipeline.go:1144.7,1144.150 1 1
github.com/calculi-corp/data-ingestion-service/internal/datapipeline/jira-data-pipeline.go:1145.12,1145.90 1 1
github.com/calculi-corp/data-ingestion-service/internal/datapipeline/jira-data-pipeline.go:1145.90,1148.21 3 1
github.com/calculi-corp/data-ingestion-service/internal/datapipeline/jira-data-pipeline.go:1148.21,1149.98 1 1
github.com/calculi-corp/data-ingestion-service/internal/datapipeline/jira-data-pipeline.go:1149.98,1151.9 1 1
github.com/calculi-corp/data-ingestion-service/internal/datapipeline/jira-data-pipeline.go:1151.14,1153.9 1 0
github.com/calculi-corp/data-ingestion-service/internal/datapipeline/jira-data-pipeline.go:1154.8,1154.69 1 1
github.com/calculi-corp/data-ingestion-service/internal/datapipeline/jira-data-pipeline.go:1156.7,1156.150 1 1
github.com/calculi-corp/data-ingestion-service/internal/datapipeline/jira-data-pipeline.go:1160.5,1161.69 2 1
github.com/calculi-corp/data-ingestion-service/internal/datapipeline/jira-data-pipeline.go:1163.9,1164.64 1 1
github.com/calculi-corp/data-ingestion-service/internal/datapipeline/jira-data-pipeline.go:1164.64,1166.144 1 1
github.com/calculi-corp/data-ingestion-service/internal/datapipeline/jira-data-pipeline.go:1166.144,1168.109 1 1
github.com/calculi-corp/data-ingestion-service/internal/datapipeline/jira-data-pipeline.go:1168.109,1171.21 3 1
github.com/calculi-corp/data-ingestion-service/internal/datapipeline/jira-data-pipeline.go:1171.21,1172.43 1 1
github.com/calculi-corp/data-ingestion-service/internal/datapipeline/jira-data-pipeline.go:1172.43,1174.9 1 0
github.com/calculi-corp/data-ingestion-service/internal/datapipeline/jira-data-pipeline.go:1174.14,1176.9 1 1
github.com/calculi-corp/data-ingestion-service/internal/datapipeline/jira-data-pipeline.go:1177.8,1177.69 1 1
github.com/calculi-corp/data-ingestion-service/internal/datapipeline/jira-data-pipeline.go:1179.7,1179.89 1 1
github.com/calculi-corp/data-ingestion-service/internal/datapipeline/jira-data-pipeline.go:1180.12,1180.90 1 1
github.com/calculi-corp/data-ingestion-service/internal/datapipeline/jira-data-pipeline.go:1180.90,1183.21 3 1
github.com/calculi-corp/data-ingestion-service/internal/datapipeline/jira-data-pipeline.go:1183.21,1184.43 1 1
github.com/calculi-corp/data-ingestion-service/internal/datapipeline/jira-data-pipeline.go:1184.43,1186.9 1 1
github.com/calculi-corp/data-ingestion-service/internal/datapipeline/jira-data-pipeline.go:1186.14,1188.9 1 0
github.com/calculi-corp/data-ingestion-service/internal/datapipeline/jira-data-pipeline.go:1189.8,1189.69 1 1
github.com/calculi-corp/data-ingestion-service/internal/datapipeline/jira-data-pipeline.go:1191.7,1191.89 1 1
github.com/calculi-corp/data-ingestion-service/internal/datapipeline/jira-data-pipeline.go:1195.5,1195.148 1 1
github.com/calculi-corp/data-ingestion-service/internal/datapipeline/jira-data-pipeline.go:1195.148,1197.109 1 1
github.com/calculi-corp/data-ingestion-service/internal/datapipeline/jira-data-pipeline.go:1197.109,1200.21 3 1
github.com/calculi-corp/data-ingestion-service/internal/datapipeline/jira-data-pipeline.go:1200.21,1201.47 1 1
github.com/calculi-corp/data-ingestion-service/internal/datapipeline/jira-data-pipeline.go:1201.47,1203.9 1 0
github.com/calculi-corp/data-ingestion-service/internal/datapipeline/jira-data-pipeline.go:1203.14,1205.9 1 1
github.com/calculi-corp/data-ingestion-service/internal/datapipeline/jira-data-pipeline.go:1206.8,1206.69 1 1
github.com/calculi-corp/data-ingestion-service/internal/datapipeline/jira-data-pipeline.go:1208.7,1208.93 1 1
github.com/calculi-corp/data-ingestion-service/internal/datapipeline/jira-data-pipeline.go:1209.12,1209.90 1 1
github.com/calculi-corp/data-ingestion-service/internal/datapipeline/jira-data-pipeline.go:1209.90,1212.21 3 1
github.com/calculi-corp/data-ingestion-service/internal/datapipeline/jira-data-pipeline.go:1212.21,1213.47 1 1
github.com/calculi-corp/data-ingestion-service/internal/datapipeline/jira-data-pipeline.go:1213.47,1215.9 1 1
github.com/calculi-corp/data-ingestion-service/internal/datapipeline/jira-data-pipeline.go:1215.14,1217.9 1 0
github.com/calculi-corp/data-ingestion-service/internal/datapipeline/jira-data-pipeline.go:1218.8,1218.69 1 1
github.com/calculi-corp/data-ingestion-service/internal/datapipeline/jira-data-pipeline.go:1220.7,1220.93 1 1
github.com/calculi-corp/data-ingestion-service/internal/datapipeline/jira-data-pipeline.go:1223.5,1224.69 2 1
github.com/calculi-corp/data-ingestion-service/internal/datapipeline/jira-data-pipeline.go:1229.2,1232.21 3 1
github.com/calculi-corp/data-ingestion-service/internal/datapipeline/jira-data-pipeline.go:1232.21,1233.43 1 1
github.com/calculi-corp/data-ingestion-service/internal/datapipeline/jira-data-pipeline.go:1233.43,1236.4 2 1
github.com/calculi-corp/data-ingestion-service/internal/datapipeline/jira-data-pipeline.go:1237.3,1237.71 1 1
github.com/calculi-corp/data-ingestion-service/internal/datapipeline/jira-data-pipeline.go:1240.2,1241.54 2 1
github.com/calculi-corp/data-ingestion-service/internal/datapipeline/jira-data-pipeline.go:1244.134,1248.48 3 0
github.com/calculi-corp/data-ingestion-service/internal/datapipeline/jira-data-pipeline.go:1248.48,1249.58 1 0
github.com/calculi-corp/data-ingestion-service/internal/datapipeline/jira-data-pipeline.go:1249.58,1252.102 1 0
github.com/calculi-corp/data-ingestion-service/internal/datapipeline/jira-data-pipeline.go:1252.102,1257.77 5 0
github.com/calculi-corp/data-ingestion-service/internal/datapipeline/jira-data-pipeline.go:1257.77,1260.44 1 0
github.com/calculi-corp/data-ingestion-service/internal/datapipeline/jira-data-pipeline.go:1260.44,1262.7 1 0
github.com/calculi-corp/data-ingestion-service/internal/datapipeline/jira-data-pipeline.go:1262.12,1266.7 1 0
github.com/calculi-corp/data-ingestion-service/internal/datapipeline/jira-data-pipeline.go:1267.11,1267.84 1 0
github.com/calculi-corp/data-ingestion-service/internal/datapipeline/jira-data-pipeline.go:1267.84,1269.6 1 0
github.com/calculi-corp/data-ingestion-service/internal/datapipeline/jira-data-pipeline.go:1270.5,1270.65 1 0
github.com/calculi-corp/data-ingestion-service/internal/datapipeline/jira-data-pipeline.go:1272.4,1272.59 1 0
github.com/calculi-corp/data-ingestion-service/internal/datapipeline/jira-data-pipeline.go:1275.3,1275.71 1 0
github.com/calculi-corp/data-ingestion-service/internal/datapipeline/jira-data-pipeline.go:1275.71,1282.4 6 0
github.com/calculi-corp/data-ingestion-service/internal/datapipeline/jira-data-pipeline.go:1284.8,1287.58 2 0
github.com/calculi-corp/data-ingestion-service/internal/datapipeline/jira-data-pipeline.go:1287.58,1291.87 1 0
github.com/calculi-corp/data-ingestion-service/internal/datapipeline/jira-data-pipeline.go:1291.87,1296.77 5 0
github.com/calculi-corp/data-ingestion-service/internal/datapipeline/jira-data-pipeline.go:1296.77,1297.44 1 0
github.com/calculi-corp/data-ingestion-service/internal/datapipeline/jira-data-pipeline.go:1297.44,1299.7 1 0
github.com/calculi-corp/data-ingestion-service/internal/datapipeline/jira-data-pipeline.go:1299.12,1301.7 1 0
github.com/calculi-corp/data-ingestion-service/internal/datapipeline/jira-data-pipeline.go:1302.11,1302.84 1 0
github.com/calculi-corp/data-ingestion-service/internal/datapipeline/jira-data-pipeline.go:1302.84,1304.6 1 0
github.com/calculi-corp/data-ingestion-service/internal/datapipeline/jira-data-pipeline.go:1305.5,1305.65 1 0
github.com/calculi-corp/data-ingestion-service/internal/datapipeline/jira-data-pipeline.go:1307.4,1307.59 1 0
github.com/calculi-corp/data-ingestion-service/internal/datapipeline/jira-data-pipeline.go:1309.3,1309.71 1 0
github.com/calculi-corp/data-ingestion-service/internal/datapipeline/jira-data-pipeline.go:1309.71,1316.4 6 0
github.com/calculi-corp/data-ingestion-service/internal/datapipeline/jira-data-pipeline.go:1319.2,1319.69 1 0
github.com/calculi-corp/data-ingestion-service/internal/datapipeline/jira-data-pipeline.go:1322.117,1324.48 2 1
github.com/calculi-corp/data-ingestion-service/internal/datapipeline/jira-data-pipeline.go:1324.48,1325.63 1 1
github.com/calculi-corp/data-ingestion-service/internal/datapipeline/jira-data-pipeline.go:1325.63,1326.162 1 1
github.com/calculi-corp/data-ingestion-service/internal/datapipeline/jira-data-pipeline.go:1326.162,1328.10 2 1
github.com/calculi-corp/data-ingestion-service/internal/datapipeline/jira-data-pipeline.go:1331.8,1332.63 1 1
github.com/calculi-corp/data-ingestion-service/internal/datapipeline/jira-data-pipeline.go:1332.63,1333.145 1 1
github.com/calculi-corp/data-ingestion-service/internal/datapipeline/jira-data-pipeline.go:1333.145,1335.10 2 1
github.com/calculi-corp/data-ingestion-service/internal/datapipeline/jira-data-pipeline.go:1339.2,1339.38 1 1
github.com/calculi-corp/data-ingestion-service/internal/datapipeline/jira-data-pipeline.go:1339.38,1341.3 1 1
github.com/calculi-corp/data-ingestion-service/internal/datapipeline/jira-data-pipeline.go:1344.82,1345.43 1 1
github.com/calculi-corp/data-ingestion-service/internal/datapipeline/jira-data-pipeline.go:1345.43,1348.62 3 1
github.com/calculi-corp/data-ingestion-service/internal/datapipeline/jira-data-pipeline.go:1348.62,1362.4 10 1
github.com/calculi-corp/data-ingestion-service/internal/datapipeline/jira-data-pipeline.go:1363.3,1364.54 2 1
github.com/calculi-corp/data-ingestion-service/internal/datapipeline/jira-data-pipeline.go:1368.56,1369.31 1 1
github.com/calculi-corp/data-ingestion-service/internal/datapipeline/jira-data-pipeline.go:1369.31,1370.41 1 1
github.com/calculi-corp/data-ingestion-service/internal/datapipeline/jira-data-pipeline.go:1370.41,1372.4 1 1
github.com/calculi-corp/data-ingestion-service/internal/datapipeline/jira-data-pipeline.go:1374.2,1374.14 1 1
github.com/calculi-corp/data-ingestion-service/internal/datapipeline/jira-data-pipeline.go:1377.83,1380.16 2 1
github.com/calculi-corp/data-ingestion-service/internal/datapipeline/jira-data-pipeline.go:1380.16,1383.3 2 1
github.com/calculi-corp/data-ingestion-service/internal/datapipeline/jira-data-pipeline.go:1384.2,1385.17 2 1
github.com/calculi-corp/data-ingestion-service/internal/datapipeline/jira-data-pipeline.go:1385.17,1388.3 2 1
github.com/calculi-corp/data-ingestion-service/internal/datapipeline/jira-data-pipeline.go:1389.2,1389.55 1 1
github.com/calculi-corp/data-ingestion-service/internal/datapipeline/jira-data-pipeline.go:1392.239,1395.16 2 1
github.com/calculi-corp/data-ingestion-service/internal/datapipeline/jira-data-pipeline.go:1395.16,1397.3 1 1
github.com/calculi-corp/data-ingestion-service/internal/datapipeline/jira-data-pipeline.go:1399.2,1401.20 3 1
github.com/calculi-corp/data-ingestion-service/internal/datapipeline/jira-data-pipeline.go:1401.20,1403.3 1 1
github.com/calculi-corp/data-ingestion-service/internal/datapipeline/jira-data-pipeline.go:1405.2,1406.16 2 1
github.com/calculi-corp/data-ingestion-service/internal/datapipeline/jira-data-pipeline.go:1406.16,1408.3 1 1
github.com/calculi-corp/data-ingestion-service/internal/datapipeline/jira-data-pipeline.go:1410.2,1412.42 2 1
github.com/calculi-corp/data-ingestion-service/internal/datapipeline/jira-data-pipeline.go:1412.42,1415.17 2 1
github.com/calculi-corp/data-ingestion-service/internal/datapipeline/jira-data-pipeline.go:1415.17,1417.4 1 1
github.com/calculi-corp/data-ingestion-service/internal/datapipeline/jira-data-pipeline.go:1418.3,1418.33 1 1
github.com/calculi-corp/data-ingestion-service/internal/datapipeline/jira-data-pipeline.go:1418.33,1422.31 3 1
github.com/calculi-corp/data-ingestion-service/internal/datapipeline/jira-data-pipeline.go:1422.31,1424.19 2 1
github.com/calculi-corp/data-ingestion-service/internal/datapipeline/jira-data-pipeline.go:1424.19,1426.6 1 1
github.com/calculi-corp/data-ingestion-service/internal/datapipeline/jira-data-pipeline.go:1427.5,1428.54 2 1
github.com/calculi-corp/data-ingestion-service/internal/datapipeline/jira-data-pipeline.go:1429.10,1431.32 2 1
github.com/calculi-corp/data-ingestion-service/internal/datapipeline/jira-data-pipeline.go:1431.32,1434.6 2 1
github.com/calculi-corp/data-ingestion-service/internal/datapipeline/jira-data-pipeline.go:1438.9,1438.39 1 1
github.com/calculi-corp/data-ingestion-service/internal/datapipeline/jira-data-pipeline.go:1438.39,1444.4 4 1
github.com/calculi-corp/data-ingestion-service/internal/datapipeline/jira-data-pipeline.go:1445.8,1447.3 1 1
github.com/calculi-corp/data-ingestion-service/internal/datapipeline/jira-data-pipeline.go:1448.2,1448.27 1 1
github.com/calculi-corp/data-ingestion-service/internal/datapipeline/jira-data-pipeline.go:1451.118,1453.16 2 0
github.com/calculi-corp/data-ingestion-service/internal/datapipeline/jira-data-pipeline.go:1453.16,1455.3 1 0
github.com/calculi-corp/data-ingestion-service/internal/datapipeline/jira-data-pipeline.go:1456.2,1457.30 2 0
github.com/calculi-corp/data-ingestion-service/internal/datapipeline/jira-data-pipeline.go:1461.121,1475.73 6 1
github.com/calculi-corp/data-ingestion-service/internal/datapipeline/jira-data-pipeline.go:1475.73,1477.3 1 1
github.com/calculi-corp/data-ingestion-service/internal/datapipeline/jira-data-pipeline.go:1479.2,1483.33 4 1
github.com/calculi-corp/data-ingestion-service/internal/datapipeline/jira-data-pipeline.go:1483.33,1484.79 1 1
github.com/calculi-corp/data-ingestion-service/internal/datapipeline/jira-data-pipeline.go:1484.79,1485.88 1 1
github.com/calculi-corp/data-ingestion-service/internal/datapipeline/jira-data-pipeline.go:1485.88,1486.61 1 1
github.com/calculi-corp/data-ingestion-service/internal/datapipeline/jira-data-pipeline.go:1486.61,1492.6 5 1
github.com/calculi-corp/data-ingestion-service/internal/datapipeline/jira-data-pipeline.go:1496.2,1498.31 3 1
github.com/calculi-corp/data-ingestion-service/internal/datapipeline/jira-data-pipeline.go:1501.154,1518.73 6 1
github.com/calculi-corp/data-ingestion-service/internal/datapipeline/jira-data-pipeline.go:1518.73,1520.3 1 1
github.com/calculi-corp/data-ingestion-service/internal/datapipeline/jira-data-pipeline.go:1522.2,1526.33 4 1
github.com/calculi-corp/data-ingestion-service/internal/datapipeline/jira-data-pipeline.go:1526.33,1527.79 1 1
github.com/calculi-corp/data-ingestion-service/internal/datapipeline/jira-data-pipeline.go:1527.79,1528.88 1 1
github.com/calculi-corp/data-ingestion-service/internal/datapipeline/jira-data-pipeline.go:1528.88,1529.61 1 1
github.com/calculi-corp/data-ingestion-service/internal/datapipeline/jira-data-pipeline.go:1529.61,1533.6 3 1
github.com/calculi-corp/data-ingestion-service/internal/datapipeline/jira-data-pipeline.go:1537.2,1537.31 1 1
github.com/calculi-corp/data-ingestion-service/internal/datapipeline/jira-data-pipeline.go:1540.128,1553.73 6 1
github.com/calculi-corp/data-ingestion-service/internal/datapipeline/jira-data-pipeline.go:1553.73,1555.3 1 1
github.com/calculi-corp/data-ingestion-service/internal/datapipeline/jira-data-pipeline.go:1557.2,1561.33 4 1
github.com/calculi-corp/data-ingestion-service/internal/datapipeline/jira-data-pipeline.go:1561.33,1562.79 1 1
github.com/calculi-corp/data-ingestion-service/internal/datapipeline/jira-data-pipeline.go:1562.79,1563.88 1 1
github.com/calculi-corp/data-ingestion-service/internal/datapipeline/jira-data-pipeline.go:1563.88,1564.61 1 1
github.com/calculi-corp/data-ingestion-service/internal/datapipeline/jira-data-pipeline.go:1564.61,1570.6 5 1
github.com/calculi-corp/data-ingestion-service/internal/datapipeline/jira-data-pipeline.go:1574.2,1574.34 1 1
github.com/calculi-corp/data-ingestion-service/internal/datapipeline/jira-data-pipeline.go:1577.150,1591.75 6 1
github.com/calculi-corp/data-ingestion-service/internal/datapipeline/jira-data-pipeline.go:1591.75,1593.3 1 1
github.com/calculi-corp/data-ingestion-service/internal/datapipeline/jira-data-pipeline.go:1595.2,1599.33 4 1
github.com/calculi-corp/data-ingestion-service/internal/datapipeline/jira-data-pipeline.go:1599.33,1600.79 1 1
github.com/calculi-corp/data-ingestion-service/internal/datapipeline/jira-data-pipeline.go:1600.79,1601.88 1 1
github.com/calculi-corp/data-ingestion-service/internal/datapipeline/jira-data-pipeline.go:1601.88,1602.61 1 1
github.com/calculi-corp/data-ingestion-service/internal/datapipeline/jira-data-pipeline.go:1602.61,1606.6 3 1
github.com/calculi-corp/data-ingestion-service/internal/datapipeline/jira-data-pipeline.go:1610.2,1610.33 1 1
github.com/calculi-corp/data-ingestion-service/internal/datapipeline/jira-data-pipeline.go:1613.125,1628.73 6 1
github.com/calculi-corp/data-ingestion-service/internal/datapipeline/jira-data-pipeline.go:1628.73,1630.3 1 1
github.com/calculi-corp/data-ingestion-service/internal/datapipeline/jira-data-pipeline.go:1632.2,1635.33 4 1
github.com/calculi-corp/data-ingestion-service/internal/datapipeline/jira-data-pipeline.go:1635.33,1636.79 1 1
github.com/calculi-corp/data-ingestion-service/internal/datapipeline/jira-data-pipeline.go:1636.79,1637.88 1 1
github.com/calculi-corp/data-ingestion-service/internal/datapipeline/jira-data-pipeline.go:1637.88,1638.61 1 1
github.com/calculi-corp/data-ingestion-service/internal/datapipeline/jira-data-pipeline.go:1638.61,1642.6 3 1
github.com/calculi-corp/data-ingestion-service/internal/datapipeline/jira-data-pipeline.go:1646.2,1646.20 1 1
github.com/calculi-corp/data-ingestion-service/internal/datapipeline/jira-data-pipeline.go:1649.121,1650.53 1 1
github.com/calculi-corp/data-ingestion-service/internal/datapipeline/jira-data-pipeline.go:1650.53,1651.42 1 1
github.com/calculi-corp/data-ingestion-service/internal/datapipeline/jira-data-pipeline.go:1651.42,1652.56 1 1
github.com/calculi-corp/data-ingestion-service/internal/datapipeline/jira-data-pipeline.go:1652.56,1653.31 1 1
github.com/calculi-corp/data-ingestion-service/internal/datapipeline/jira-data-pipeline.go:1653.31,1655.6 1 1
github.com/calculi-corp/data-ingestion-service/internal/datapipeline/jira-data-pipeline.go:1659.2,1660.12 2 1
github.com/calculi-corp/data-ingestion-service/internal/datapipeline/jira-data-pipeline.go:1663.251,1665.53 2 1
github.com/calculi-corp/data-ingestion-service/internal/datapipeline/jira-data-pipeline.go:1665.53,1666.55 1 1
github.com/calculi-corp/data-ingestion-service/internal/datapipeline/jira-data-pipeline.go:1666.55,1668.88 1 1
github.com/calculi-corp/data-ingestion-service/internal/datapipeline/jira-data-pipeline.go:1668.88,1671.5 2 1
github.com/calculi-corp/data-ingestion-service/internal/datapipeline/jira-data-pipeline.go:1672.4,1672.74 1 1
github.com/calculi-corp/data-ingestion-service/internal/datapipeline/jira-data-pipeline.go:1672.74,1675.5 2 1
github.com/calculi-corp/data-ingestion-service/internal/datapipeline/jira-data-pipeline.go:1678.2,1680.16 2 1
github.com/calculi-corp/data-ingestion-service/internal/datapipeline/jira-data-pipeline.go:1683.214,1686.58 2 1
github.com/calculi-corp/data-ingestion-service/internal/datapipeline/jira-data-pipeline.go:1686.58,1689.58 2 1
github.com/calculi-corp/data-ingestion-service/internal/datapipeline/jira-data-pipeline.go:1689.58,1691.88 1 1
github.com/calculi-corp/data-ingestion-service/internal/datapipeline/jira-data-pipeline.go:1691.88,1694.5 2 1
github.com/calculi-corp/data-ingestion-service/internal/datapipeline/jira-data-pipeline.go:1695.4,1695.74 1 1
github.com/calculi-corp/data-ingestion-service/internal/datapipeline/jira-data-pipeline.go:1695.74,1698.5 2 1
github.com/calculi-corp/data-ingestion-service/internal/datapipeline/jira-data-pipeline.go:1701.2,1703.11 2 1
[...]
github.com/calculi-corp/data-ingestion-service/internal/datapipeline/scm-data-pipeline.go:1078.2,1078.26 1 1
github.com/calculi-corp/data-ingestion-service/internal/datapipeline/scm-data-pipeline.go:1081.136,1098.68 15 1
github.com/calculi-corp/data-ingestion-service/internal/datapipeline/scm-data-pipeline.go:1098.68,1100.3 1 0
github.com/calculi-corp/data-ingestion-service/internal/datapipeline/scm-data-pipeline.go:1102.2,1103.51 2 1
github.com/calculi-corp/data-ingestion-service/internal/datapipeline/scm-data-pipeline.go:1103.51,1105.72 2 1
github.com/calculi-corp/data-ingestion-service/internal/datapipeline/scm-data-pipeline.go:1105.72,1107.4 1 0
github.com/calculi-corp/data-ingestion-service/internal/datapipeline/scm-data-pipeline.go:1107.9,1109.4 1 1
github.com/calculi-corp/data-ingestion-service/internal/datapipeline/scm-data-pipeline.go:1110.8,1112.3 1 0
github.com/calculi-corp/data-ingestion-service/internal/datapipeline/scm-data-pipeline.go:1114.2,1114.12 1 1
github.com/calculi-corp/data-ingestion-service/internal/datapipeline/security-data-pipeline.go:33.88,39.2 2 1
github.com/calculi-corp/data-ingestion-service/internal/datapipeline/security-data-pipeline.go:41.104,45.23 2 1
github.com/calculi-corp/data-ingestion-service/internal/datapipeline/security-data-pipeline.go:45.23,47.17 2 1
github.com/calculi-corp/data-ingestion-service/internal/datapipeline/security-data-pipeline.go:47.17,51.18 4 1
github.com/calculi-corp/data-ingestion-service/internal/datapipeline/security-data-pipeline.go:51.18,53.5 1 0
github.com/calculi-corp/data-ingestion-service/internal/datapipeline/security-data-pipeline.go:55.4,55.29 1 1
github.com/calculi-corp/data-ingestion-service/internal/datapipeline/security-data-pipeline.go:55.29,58.46 2 1
github.com/calculi-corp/data-ingestion-service/internal/datapipeline/security-data-pipeline.go:58.46,60.69 2 1
github.com/calculi-corp/data-ingestion-service/internal/datapipeline/security-data-pipeline.go:60.69,62.7 1 0
github.com/calculi-corp/data-ingestion-service/internal/datapipeline/security-data-pipeline.go:62.12,64.7 1 1
github.com/calculi-corp/data-ingestion-service/internal/datapipeline/security-data-pipeline.go:65.11,67.6 1 0
github.com/calculi-corp/data-ingestion-service/internal/datapipeline/security-data-pipeline.go:69.10,71.5 1 0
github.com/calculi-corp/data-ingestion-service/internal/datapipeline/security-data-pipeline.go:73.8,75.3 1 1
github.com/calculi-corp/data-ingestion-service/internal/datapipeline/security-data-pipeline.go:76.2,76.12 1 1
github.com/calculi-corp/data-ingestion-service/internal/datapipeline/security-data-pipeline.go:79.125,84.122 4 1
github.com/calculi-corp/data-ingestion-service/internal/datapipeline/security-data-pipeline.go:84.122,86.3 1 0
github.com/calculi-corp/data-ingestion-service/internal/datapipeline/security-data-pipeline.go:88.2,88.23 1 1
github.com/calculi-corp/data-ingestion-service/internal/datapipeline/security-data-pipeline.go:88.23,90.30 2 1
github.com/calculi-corp/data-ingestion-service/internal/datapipeline/security-data-pipeline.go:90.30,94.23 3 1
github.com/calculi-corp/data-ingestion-service/internal/datapipeline/security-data-pipeline.go:94.23,96.5 1 1
github.com/calculi-corp/data-ingestion-service/internal/datapipeline/security-data-pipeline.go:97.4,97.20 1 1
github.com/calculi-corp/data-ingestion-service/internal/datapipeline/security-data-pipeline.go:97.20,99.5 1 1
github.com/calculi-corp/data-ingestion-service/internal/datapipeline/security-data-pipeline.go:101.4,104.29 3 1
github.com/calculi-corp/data-ingestion-service/internal/datapipeline/security-data-pipeline.go:104.29,105.36 1 1
github.com/calculi-corp/data-ingestion-service/internal/datapipeline/security-data-pipeline.go:105.36,106.25 1 1
github.com/calculi-corp/data-ingestion-service/internal/datapipeline/security-data-pipeline.go:107.53,111.42 4 1
github.com/calculi-corp/data-ingestion-service/internal/datapipeline/security-data-pipeline.go:112.55,116.42 4 1
github.com/calculi-corp/data-ingestion-service/internal/datapipeline/security-data-pipeline.go:120.10,124.5 2 1
github.com/calculi-corp/data-ingestion-service/internal/datapipeline/security-data-pipeline.go:128.2,128.21 1 1
github.com/calculi-corp/data-ingestion-service/internal/datapipeline/security-data-pipeline.go:132.72,137.16 3 1
github.com/calculi-corp/data-ingestion-service/internal/datapipeline/security-data-pipeline.go:137.16,140.3 2 1
github.com/calculi-corp/data-ingestion-service/internal/datapipeline/security-data-pipeline.go:141.2,141.18 1 1
github.com/calculi-corp/data-ingestion-service/internal/datapipeline/security-data-pipeline.go:145.203,147.23 2 1
github.com/calculi-corp/data-ingestion-service/internal/datapipeline/security-data-pipeline.go:147.23,149.30 2 1
github.com/calculi-corp/data-ingestion-service/internal/datapipeline/security-data-pipeline.go:149.30,152.55 3 1
github.com/calculi-corp/data-ingestion-service/internal/datapipeline/security-data-pipeline.go:152.55,155.53 2 1
github.com/calculi-corp/data-ingestion-service/internal/datapipeline/security-data-pipeline.go:155.53,162.25 7 1
github.com/calculi-corp/data-ingestion-service/internal/datapipeline/security-data-pipeline.go:162.25,166.7 2 1
github.com/calculi-corp/data-ingestion-service/internal/datapipeline/security-data-pipeline.go:167.6,167.22 1 1
github.com/calculi-corp/data-ingestion-service/internal/datapipeline/security-data-pipeline.go:167.22,169.7 1 1
github.com/calculi-corp/data-ingestion-service/internal/datapipeline/security-data-pipeline.go:170.11,172.6 1 0
github.com/calculi-corp/data-ingestion-service/internal/datapipeline/security-data-pipeline.go:176.5,176.24 1 1
github.com/calculi-corp/data-ingestion-service/internal/datapipeline/security-data-pipeline.go:176.24,181.6 4 1
github.com/calculi-corp/data-ingestion-service/internal/datapipeline/security-data-pipeline.go:182.5,182.21 1 1
github.com/calculi-corp/data-ingestion-service/internal/datapipeline/security-data-pipeline.go:182.21,184.6 1 1
github.com/calculi-corp/data-ingestion-service/internal/datapipeline/security-data-pipeline.go:188.5,190.25 3 1
github.com/calculi-corp/data-ingestion-service/internal/datapipeline/security-data-pipeline.go:190.25,192.6 1 0
github.com/calculi-corp/data-ingestion-service/internal/datapipeline/security-data-pipeline.go:192.11,194.6 1 1
github.com/calculi-corp/data-ingestion-service/internal/datapipeline/security-data-pipeline.go:196.5,210.48 14 1
github.com/calculi-corp/data-ingestion-service/internal/datapipeline/security-data-pipeline.go:210.48,213.6 2 0
github.com/calculi-corp/data-ingestion-service/internal/datapipeline/security-data-pipeline.go:213.11,218.6 2 1
github.com/calculi-corp/data-ingestion-service/internal/datapipeline/security-data-pipeline.go:220.5,220.56 1 1
github.com/calculi-corp/data-ingestion-service/internal/datapipeline/security-data-pipeline.go:220.56,222.46 2 1
github.com/calculi-corp/data-ingestion-service/internal/datapipeline/security-data-pipeline.go:222.46,223.51 1 1
github.com/calculi-corp/data-ingestion-service/internal/datapipeline/security-data-pipeline.go:223.51,225.8 1 1
github.com/calculi-corp/data-ingestion-service/internal/datapipeline/security-data-pipeline.go:227.6,227.80 1 1
github.com/calculi-corp/data-ingestion-service/internal/datapipeline/security-data-pipeline.go:231.5,231.61 1 1
github.com/calculi-corp/data-ingestion-service/internal/datapipeline/security-data-pipeline.go:237.2,237.34 1 1
github.com/calculi-corp/data-ingestion-service/internal/datapipeline/security-data-pipeline.go:240.183,246.49 4 1
github.com/calculi-corp/data-ingestion-service/internal/datapipeline/security-data-pipeline.go:246.49,254.42 2 1
github.com/calculi-corp/data-ingestion-service/internal/datapipeline/security-data-pipeline.go:254.42,258.4 2 1
github.com/calculi-corp/data-ingestion-service/internal/datapipeline/security-data-pipeline.go:258.9,261.4 1 1
github.com/calculi-corp/data-ingestion-service/internal/datapipeline/security-data-pipeline.go:263.3,269.69 3 1
github.com/calculi-corp/data-ingestion-service/internal/datapipeline/security-data-pipeline.go:269.69,271.4 1 0
github.com/calculi-corp/data-ingestion-service/internal/datapipeline/security-data-pipeline.go:273.3,275.58 3 1
github.com/calculi-corp/data-ingestion-service/internal/datapipeline/security-data-pipeline.go:275.58,277.35 2 1
github.com/calculi-corp/data-ingestion-service/internal/datapipeline/security-data-pipeline.go:277.35,278.81 1 1
github.com/calculi-corp/data-ingestion-service/internal/datapipeline/security-data-pipeline.go:278.81,280.90 1 1
github.com/calculi-corp/data-ingestion-service/internal/datapipeline/security-data-pipeline.go:280.90,287.62 5 1
github.com/calculi-corp/data-ingestion-service/internal/datapipeline/security-data-pipeline.go:287.62,291.35 3 0
github.com/calculi-corp/data-ingestion-service/internal/datapipeline/security-data-pipeline.go:291.35,293.9 1 0
github.com/calculi-corp/data-ingestion-service/internal/datapipeline/security-data-pipeline.go:295.13,297.8 1 1
github.com/calculi-corp/data-ingestion-service/internal/datapipeline/security-data-pipeline.go:303.4,306.38 3 1
github.com/calculi-corp/data-ingestion-service/internal/datapipeline/security-data-pipeline.go:306.38,309.5 2 1
github.com/calculi-corp/data-ingestion-service/internal/datapipeline/security-data-pipeline.go:311.4,311.18 1 1
github.com/calculi-corp/data-ingestion-service/internal/datapipeline/security-data-pipeline.go:311.18,313.5 1 0
github.com/calculi-corp/data-ingestion-service/internal/datapipeline/security-data-pipeline.go:317.2,317.32 1 1
github.com/calculi-corp/data-ingestion-service/internal/datapipeline/security-data-pipeline.go:321.44,322.22 1 1
github.com/calculi-corp/data-ingestion-service/internal/datapipeline/security-data-pipeline.go:322.22,323.15 1 1
github.com/calculi-corp/data-ingestion-service/internal/datapipeline/security-data-pipeline.go:323.15,325.4 1 0
github.com/calculi-corp/data-ingestion-service/internal/datapipeline/security-data-pipeline.go:328.2,328.14 1 1
github.com/calculi-corp/data-ingestion-service/internal/datapipeline/security-data-pipeline.go:331.118,337.38 5 1
github.com/calculi-corp/data-ingestion-service/internal/datapipeline/security-data-pipeline.go:337.38,340.3 2 1
github.com/calculi-corp/data-ingestion-service/internal/datapipeline/security-data-pipeline.go:341.2,343.43 2 1
github.com/calculi-corp/data-ingestion-service/internal/datapipeline/security-data-pipeline.go:343.43,344.50 1 1
github.com/calculi-corp/data-ingestion-service/internal/datapipeline/security-data-pipeline.go:344.50,346.42 2 0
github.com/calculi-corp/data-ingestion-service/internal/datapipeline/security-data-pipeline.go:346.42,348.5 1 0
github.com/calculi-corp/data-ingestion-service/internal/datapipeline/security-data-pipeline.go:349.4,349.27 1 0
github.com/calculi-corp/data-ingestion-service/internal/datapipeline/security-data-pipeline.go:351.9,354.4 1 1
github.com/calculi-corp/data-ingestion-service/internal/datapipeline/security-data-pipeline.go:355.3,356.19 2 1
github.com/calculi-corp/data-ingestion-service/internal/datapipeline/security-data-pipeline.go:356.19,358.4 1 0
github.com/calculi-corp/data-ingestion-service/internal/datapipeline/security-data-pipeline.go:358.9,361.4 1 1
github.com/calculi-corp/data-ingestion-service/internal/datapipeline/security-data-pipeline.go:365.2,366.33 2 1
github.com/calculi-corp/data-ingestion-service/internal/datapipeline/security-data-pipeline.go:366.33,369.3 2 1
github.com/calculi-corp/data-ingestion-service/internal/datapipeline/security-data-pipeline.go:371.2,371.36 1 1
github.com/calculi-corp/data-ingestion-service/internal/datapipeline/security-data-pipeline.go:371.36,372.36 1 1
github.com/calculi-corp/data-ingestion-service/internal/datapipeline/security-data-pipeline.go:372.36,376.4 1 0
github.com/calculi-corp/data-ingestion-service/internal/datapipeline/security-data-pipeline.go:376.9,378.92 2 1
github.com/calculi-corp/data-ingestion-service/internal/datapipeline/security-data-pipeline.go:378.92,381.33 3 1
github.com/calculi-corp/data-ingestion-service/internal/datapipeline/security-data-pipeline.go:381.33,383.6 1 1
github.com/calculi-corp/data-ingestion-service/internal/datapipeline/security-data-pipeline.go:386.4,387.20 2 1
github.com/calculi-corp/data-ingestion-service/internal/datapipeline/security-data-pipeline.go:387.20,389.5 1 0
github.com/calculi-corp/data-ingestion-service/internal/datapipeline/security-data-pipeline.go:389.10,392.5 1 1
github.com/calculi-corp/data-ingestion-service/internal/datapipeline/security-data-pipeline.go:396.2,396.24 1 1
github.com/calculi-corp/data-ingestion-service/internal/datapipeline/security-data-pipeline.go:399.122,420.67 8 1
github.com/calculi-corp/data-ingestion-service/internal/datapipeline/security-data-pipeline.go:420.67,422.3 1 0
github.com/calculi-corp/data-ingestion-service/internal/datapipeline/security-data-pipeline.go:424.2,425.57 2 1
github.com/calculi-corp/data-ingestion-service/internal/datapipeline/security-data-pipeline.go:425.57,427.34 2 1
github.com/calculi-corp/data-ingestion-service/internal/datapipeline/security-data-pipeline.go:427.34,428.80 1 1
github.com/calculi-corp/data-ingestion-service/internal/datapipeline/security-data-pipeline.go:428.80,430.89 1 1
github.com/calculi-corp/data-ingestion-service/internal/datapipeline/security-data-pipeline.go:430.89,435.6 3 1
github.com/calculi-corp/data-ingestion-service/internal/datapipeline/security-data-pipeline.go:440.2,440.27 1 1
github.com/calculi-corp/data-ingestion-service/internal/datapipeline/security-data-pipeline.go:443.112,466.67 6 1
github.com/calculi-corp/data-ingestion-service/internal/datapipeline/security-data-pipeline.go:466.67,468.3 1 0
github.com/calculi-corp/data-ingestion-service/internal/datapipeline/security-data-pipeline.go:470.2,471.57 2 1
github.com/calculi-corp/data-ingestion-service/internal/datapipeline/security-data-pipeline.go:471.57,473.34 2 1
github.com/calculi-corp/data-ingestion-service/internal/datapipeline/security-data-pipeline.go:473.34,474.80 1 1
github.com/calculi-corp/data-ingestion-service/internal/datapipeline/security-data-pipeline.go:474.80,476.89 1 1
github.com/calculi-corp/data-ingestion-service/internal/datapipeline/security-data-pipeline.go:476.89,482.6 3 1
github.com/calculi-corp/data-ingestion-service/internal/datapipeline/security-data-pipeline.go:487.2,487.27 1 1
github.com/calculi-corp/data-ingestion-service/internal/datapipeline/security-data-pipeline.go:491.117,514.74 6 1
github.com/calculi-corp/data-ingestion-service/internal/datapipeline/security-data-pipeline.go:514.74,516.3 1 0
github.com/calculi-corp/data-ingestion-service/internal/datapipeline/security-data-pipeline.go:518.2,519.57 2 1
github.com/calculi-corp/data-ingestion-service/internal/datapipeline/security-data-pipeline.go:519.57,521.34 2 1
github.com/calculi-corp/data-ingestion-service/internal/datapipeline/security-data-pipeline.go:521.34,522.80 1 1
github.com/calculi-corp/data-ingestion-service/internal/datapipeline/security-data-pipeline.go:522.80,524.89 1 1
github.com/calculi-corp/data-ingestion-service/internal/datapipeline/security-data-pipeline.go:524.89,530.6 3 1
github.com/calculi-corp/data-ingestion-service/internal/datapipeline/security-data-pipeline.go:535.2,535.27 1 1
github.com/calculi-corp/data-ingestion-service/internal/datapipeline/security-data-pipeline.go:539.137,545.28 4 1
github.com/calculi-corp/data-ingestion-service/internal/datapipeline/security-data-pipeline.go:545.28,560.3 3 1
github.com/calculi-corp/data-ingestion-service/internal/datapipeline/security-data-pipeline.go:560.8,575.3 3 1
github.com/calculi-corp/data-ingestion-service/internal/datapipeline/security-data-pipeline.go:577.2,583.106 3 1
github.com/calculi-corp/data-ingestion-service/internal/datapipeline/security-data-pipeline.go:583.106,585.3 1 0
github.com/calculi-corp/data-ingestion-service/internal/datapipeline/security-data-pipeline.go:587.2,588.57 2 1
github.com/calculi-corp/data-ingestion-service/internal/datapipeline/security-data-pipeline.go:588.57,590.34 2 1
github.com/calculi-corp/data-ingestion-service/internal/datapipeline/security-data-pipeline.go:590.34,591.80 1 1
github.com/calculi-corp/data-ingestion-service/internal/datapipeline/security-data-pipeline.go:591.80,593.89 1 1
github.com/calculi-corp/data-ingestion-service/internal/datapipeline/security-data-pipeline.go:593.89,598.6 3 1
github.com/calculi-corp/data-ingestion-service/internal/datapipeline/security-data-pipeline.go:603.2,603.27 1 1
github.com/calculi-corp/data-ingestion-service/internal/datapipeline/security-raw-data-pipeline.go:26.94,32.2 2 1
github.com/calculi-corp/data-ingestion-service/internal/datapipeline/security-raw-data-pipeline.go:34.107,37.28 2 1
github.com/calculi-corp/data-ingestion-service/internal/datapipeline/security-raw-data-pipeline.go:37.28,40.35 2 1
github.com/calculi-corp/data-ingestion-service/internal/datapipeline/security-raw-data-pipeline.go:40.35,44.59 2 1
github.com/calculi-corp/data-ingestion-service/internal/datapipeline/security-raw-data-pipeline.go:44.59,46.68 2 1
github.com/calculi-corp/data-ingestion-service/internal/datapipeline/security-raw-data-pipeline.go:46.68,48.6 1 0
github.com/calculi-corp/data-ingestion-service/internal/datapipeline/security-raw-data-pipeline.go:49.5,49.49 1 1
github.com/calculi-corp/data-ingestion-service/internal/datapipeline/security-raw-data-pipeline.go:51.10,53.5 1 0
github.com/calculi-corp/data-ingestion-service/internal/datapipeline/security-raw-data-pipeline.go:57.2,57.12 1 1
github.com/calculi-corp/data-ingestion-service/internal/datapipeline/security-raw-data-pipeline.go:60.97,66.28 4 1
github.com/calculi-corp/data-ingestion-service/internal/datapipeline/security-raw-data-pipeline.go:66.28,78.3 10 1
github.com/calculi-corp/data-ingestion-service/internal/datapipeline/security-raw-data-pipeline.go:79.2,79.22 1 1
github.com/calculi-corp/data-ingestion-service/internal/datapipeline/security-raw-data-pipeline.go:81.78,86.16 3 1
github.com/calculi-corp/data-ingestion-service/internal/datapipeline/security-raw-data-pipeline.go:86.16,89.3 2 1
github.com/calculi-corp/data-ingestion-service/internal/datapipeline/security-raw-data-pipeline.go:90.2,90.18 1 1
github.com/calculi-corp/data-ingestion-service/internal/datapipeline/security-raw-data-pipeline.go:94.90,98.61 3 1
github.com/calculi-corp/data-ingestion-service/internal/datapipeline/security-raw-data-pipeline.go:98.61,100.3 1 0
github.com/calculi-corp/data-ingestion-service/internal/datapipeline/security-raw-data-pipeline.go:102.2,105.29 2 1
github.com/calculi-corp/data-ingestion-service/internal/datapipeline/security-raw-data-pipeline.go:108.140,114.122 4 1
github.com/calculi-corp/data-ingestion-service/internal/datapipeline/security-raw-data-pipeline.go:114.122,117.3 1 1
github.com/calculi-corp/data-ingestion-service/internal/datapipeline/security-raw-data-pipeline.go:119.2,119.23 1 1
github.com/calculi-corp/data-ingestion-service/internal/datapipeline/security-raw-data-pipeline.go:119.23,124.28 3 1
github.com/calculi-corp/data-ingestion-service/internal/datapipeline/security-raw-data-pipeline.go:124.28,125.35 1 1
github.com/calculi-corp/data-ingestion-service/internal/datapipeline/security-raw-data-pipeline.go:125.35,126.24 1 1
github.com/calculi-corp/data-ingestion-service/internal/datapipeline/security-raw-data-pipeline.go:127.52,131.41 4 1
github.com/calculi-corp/data-ingestion-service/internal/datapipeline/security-raw-data-pipeline.go:132.54,136.41 4 1
github.com/calculi-corp/data-ingestion-service/internal/datapipeline/security-raw-data-pipeline.go:137.48,139.29 2 1
github.com/calculi-corp/data-ingestion-service/internal/datapipeline/security-raw-data-pipeline.go:143.9,147.4 2 1
github.com/calculi-corp/data-ingestion-service/internal/datapipeline/security-raw-data-pipeline.go:151.2,151.21 1 1
