TN:
SF:chain-all-promises.js
FN:1,(anonymous_0)
FN:3,(anonymous_1)
FN:4,(anonymous_2)
FN:5,(anonymous_3)
FNF:4
FNH:4
FNDA:2,(anonymous_0)
FNDA:3,(anonymous_1)
FNDA:3,(anonymous_2)
FNDA:3,(anonymous_3)
DA:1,1
DA:2,2
DA:4,3
DA:5,3
LF:4
LH:4
BRF:0
BRH:0
end_of_record
TN:
SF:unflattened.js
FN:1,(anonymous_0)
FN:3,(anonymous_1)
FNF:2
FNH:2
FNDA:5,(anonymous_0)
FNDA:10,(anonymous_1)
DA:1,1
DA:2,5
DA:5,10
DA:6,3
DA:8,7
DA:9,7
DA:10,3
DA:12,4
DA:16,10
LF:9
LH:9
BRDA:5,0,0,3
BRDA:5,0,1,7
BRDA:9,1,0,3
BRDA:9,1,1,4
BRF:4
BRH:4
end_of_record
TN:
SF:database/client-config.js
FN:1,(anonymous_0)
FNF:1
FNH:1
FNDA:1,(anonymous_0)
DA:1,1
DA:2,1
LF:2
LH:2
BRF:0
BRH:0
end_of_record
TN:
SF:database/delete-bus-stops.js
FN:1,(anonymous_0)
FNF:1
FNH:1
FNDA:1,(anonymous_0)
DA:1,1
DA:2,1
LF:2
LH:2
BRF:0
BRH:0
end_of_record
TN:
SF:database/insert-bus-stops.js
FN:1,(anonymous_0)
FN:16,(anonymous_1)
FN:27,cleanedStopCodeLBSL
FN:34,(anonymous_3)
FN:36,cleanedNumber
FN:41,(anonymous_5)
FNF:6
FNH:6
FNDA:7,(anonymous_0)
FNDA:9,(anonymous_1)
FNDA:9,cleanedStopCodeLBSL
FNDA:9,(anonymous_3)
FNDA:18,cleanedNumber
FNDA:9,(anonymous_5)
DA:1,1
DA:2,7
DA:16,1
DA:17,9
DA:28,9
DA:29,9
DA:30,9
DA:34,9
DA:37,18
DA:38,18
DA:41,9
LF:11
LH:11
BRDA:30,0,0,9
BRDA:30,0,1,1
BRDA:38,1,0,2
BRDA:38,1,1,16
BRDA:41,2,0,2
BRDA:41,2,1,7
BRF:6
BRH:6
end_of_record
