<?xml version="1.0" encoding="UTF-8"?>
<coverage generated="1705903678">
  <project timestamp="1705903678">
    <file name="/Users/sbanka/php-sona-2/src/Calculator.php">
      <class name="App\Calculator" namespace="global">
        <metrics complexity="5" methods="5" coveredmethods="4" conditionals="0" coveredconditionals="0" statements="6" coveredstatements="5" elements="11" coveredelements="9"/>
      </class>
      <line num="7" type="method" name="__construct" visibility="public" complexity="1" crap="1" count="2"/>
      <line num="8" type="stmt" count="2"/>
      <line num="11" type="method" name="evaluate" visibility="public" complexity="1" crap="1" count="2"/>
      <line num="12" type="stmt" count="2"/>
      <line num="13" type="stmt" count="2"/>
      <line num="16" type="method" name="add" visibility="public" complexity="1" crap="1" count="1"/>
      <line num="17" type="stmt" count="1"/>
      <line num="20" type="method" name="subtract" visibility="public" complexity="1" crap="1" count="1"/>
      <line num="21" type="stmt" count="1"/>
      <line num="25" type="method" name="multiply" visibility="public" complexity="1" crap="2" count="0"/>
      <line num="26" type="stmt" count="0"/>
      <metrics loc="33" ncloc="33" classes="1" methods="5" coveredmethods="4" conditionals="0" coveredconditionals="0" statements="6" coveredstatements="5" elements="11" coveredelements="9"/>
    </file>
    <metrics files="1" loc="33" ncloc="33" classes="1" methods="5" coveredmethods="4" conditionals="0" coveredconditionals="0" statements="6" coveredstatements="5" elements="11" coveredelements="9"/>
  </project>
</coverage>
